0 verbose cli D:\Node.js\node.exe D:\Node.js\node_modules\npm\bin\npm-cli.js
1 info using npm@10.9.2
2 info using node@v22.13.1
3 silly config load:file:D:\Node.js\node_modules\npm\npmrc
4 silly config load:file:D:\portfolio-web\portfolio-management-system\portfolio-management-system\.npmrc
5 silly config load:file:C:\Users\Rhesa Tsaqif\.npmrc
6 silly config load:file:C:\Users\Rhesa Tsaqif\AppData\Roaming\npm\etc\npmrc
7 verbose title npm install
8 verbose argv "install"
9 verbose logfile logs-max:10 dir:D:\portfolio-web\portfolio-management-system\portfolio-management-system\node_cache\_logs\2026-06-09T15_07_08_687Z-
10 verbose logfile D:\portfolio-web\portfolio-management-system\portfolio-management-system\node_cache\_logs\2026-06-09T15_07_08_687Z-debug-0.log
11 silly logfile start cleaning logs, removing 1 files
12 silly packumentCache heap:4345298944 maxSize:1086324736 maxEntrySize:543162368
13 silly logfile done cleaning log files
14 silly idealTree buildDeps
15 verbose shrinkwrap failed to load node_modules/.package-lock.json out of date, updated: node_modules
16 silly reify moves {}
17 verbose reify failed optional dependency D:\portfolio-web\portfolio-management-system\portfolio-management-system\node_modules\@tailwindcss\oxide-wasm32-wasi
18 silly reify mark deleted [
18 silly reify   'D:\\portfolio-web\\portfolio-management-system\\portfolio-management-system\\node_modules\\@tailwindcss\\oxide-wasm32-wasi'
18 silly reify ]
19 silly audit bulk request {
19 silly audit   '@acemir/cssom': [ '0.9.31' ],
19 silly audit   '@asamuzakjp/css-color': [ '5.1.11' ],
19 silly audit   '@asamuzakjp/dom-selector': [ '6.8.1' ],
19 silly audit   'lru-cache': [ '11.5.1', '5.1.1' ],
19 silly audit   '@asamuzakjp/generational-cache': [ '1.0.1' ],
19 silly audit   '@asamuzakjp/nwsapi': [ '2.3.9' ],
19 silly audit   '@babel/code-frame': [ '7.29.7', '7.27.1' ],
19 silly audit   '@babel/compat-data': [ '7.29.7' ],
19 silly audit   '@babel/core': [ '7.29.7' ],
19 silly audit   '@babel/generator': [ '7.29.7' ],
19 silly audit   '@babel/helper-compilation-targets': [ '7.29.7' ],
19 silly audit   '@babel/helper-globals': [ '7.29.7' ],
19 silly audit   '@babel/helper-module-imports': [ '7.29.7' ],
19 silly audit   '@babel/helper-module-transforms': [ '7.29.7' ],
19 silly audit   '@babel/helper-string-parser': [ '7.29.7' ],
19 silly audit   '@babel/helper-validator-identifier': [ '7.29.7' ],
19 silly audit   '@babel/helper-validator-option': [ '7.29.7' ],
19 silly audit   '@babel/helpers': [ '7.29.7' ],
19 silly audit   '@babel/parser': [ '7.29.7' ],
19 silly audit   '@babel/runtime': [ '7.29.7' ],
19 silly audit   '@babel/template': [ '7.29.7' ],
19 silly audit   '@babel/traverse': [ '7.29.7' ],
19 silly audit   '@babel/types': [ '7.29.7' ],
19 silly audit   '@bramus/specificity': [ '2.4.2' ],
19 silly audit   '@clerk/clerk-react': [ '5.61.8' ],
19 silly audit   '@clerk/shared': [ '3.47.7' ],
19 silly audit   '@csstools/color-helpers': [ '6.0.2' ],
19 silly audit   '@csstools/css-calc': [ '3.2.1' ],
19 silly audit   '@csstools/css-color-parser': [ '4.1.1' ],
19 silly audit   '@csstools/css-parser-algorithms': [ '4.0.0' ],
19 silly audit   '@csstools/css-syntax-patches-for-csstree': [ '1.1.5' ],
19 silly audit   '@csstools/css-tokenizer': [ '4.0.0' ],
19 silly audit   '@drizzle-team/brocli': [ '0.10.2' ],
19 silly audit   '@emnapi/core': [ '1.11.0', '1.10.0' ],
19 silly audit   '@emnapi/runtime': [ '1.11.0', '1.10.0' ],
19 silly audit   '@emnapi/wasi-threads': [ '1.2.2', '1.2.1' ],
19 silly audit   '@esbuild-kit/core-utils': [ '3.3.2' ],
19 silly audit   '@esbuild/android-arm': [ '0.18.20', '0.28.0', '0.25.12' ],
19 silly audit   '@esbuild/android-arm64': [ '0.18.20', '0.28.0', '0.25.12' ],
19 silly audit   '@esbuild/android-x64': [ '0.18.20', '0.28.0', '0.25.12' ],
19 silly audit   '@esbuild/darwin-arm64': [ '0.18.20', '0.28.0', '0.25.12' ],
19 silly audit   '@esbuild/darwin-x64': [ '0.18.20', '0.28.0', '0.25.12' ],
19 silly audit   '@esbuild/freebsd-arm64': [ '0.18.20', '0.28.0', '0.25.12' ],
19 silly audit   '@esbuild/freebsd-x64': [ '0.18.20', '0.28.0', '0.25.12' ],
19 silly audit   '@esbuild/linux-arm': [ '0.18.20', '0.28.0', '0.25.12' ],
19 silly audit   '@esbuild/linux-arm64': [ '0.18.20', '0.28.0', '0.25.12' ],
19 silly audit   '@esbuild/linux-ia32': [ '0.18.20', '0.28.0', '0.25.12' ],
19 silly audit   '@esbuild/linux-loong64': [ '0.18.20', '0.28.0', '0.25.12' ],
19 silly audit   '@esbuild/linux-mips64el': [ '0.18.20', '0.28.0', '0.25.12' ],
19 silly audit   '@esbuild/linux-ppc64': [ '0.18.20', '0.28.0', '0.25.12' ],
19 silly audit   '@esbuild/linux-riscv64': [ '0.18.20', '0.28.0', '0.25.12' ],
19 silly audit   '@esbuild/linux-s390x': [ '0.18.20', '0.28.0', '0.25.12' ],
19 silly audit   '@esbuild/linux-x64': [ '0.18.20', '0.28.0', '0.25.12' ],
19 silly audit   '@esbuild/netbsd-x64': [ '0.18.20', '0.28.0', '0.25.12' ],
19 silly audit   '@esbuild/openbsd-x64': [ '0.18.20', '0.28.0', '0.25.12' ],
19 silly audit   '@esbuild/sunos-x64': [ '0.18.20', '0.28.0', '0.25.12' ],
19 silly audit   '@esbuild/win32-arm64': [ '0.18.20', '0.28.0', '0.25.12' ],
19 silly audit   '@esbuild/win32-ia32': [ '0.18.20', '0.28.0', '0.25.12' ],
19 silly audit   '@esbuild/win32-x64': [ '0.18.20', '0.28.0', '0.25.12' ],
19 silly audit   esbuild: [ '0.18.20', '0.25.12', '0.28.0' ],
19 silly audit   '@esbuild-kit/esm-loader': [ '2.6.5' ],
19 silly audit   '@esbuild/aix-ppc64': [ '0.28.0', '0.25.12' ],
19 silly audit   '@esbuild/netbsd-arm64': [ '0.28.0', '0.25.12' ],
19 silly audit   '@esbuild/openbsd-arm64': [ '0.28.0', '0.25.12' ],
19 silly audit   '@esbuild/openharmony-arm64': [ '0.28.0', '0.25.12' ],
19 silly audit   '@exodus/bytes': [ '1.15.1' ],
19 silly audit   '@faker-js/faker': [ '10.4.0' ],
19 silly audit   '@floating-ui/core': [ '1.7.5' ],
19 silly audit   '@floating-ui/dom': [ '1.7.6' ],
19 silly audit   '@floating-ui/react-dom': [ '2.1.8' ],
19 silly audit   '@floating-ui/utils': [ '0.2.11' ],
19 silly audit   '@jridgewell/gen-mapping': [ '0.3.13' ],
19 silly audit   '@jridgewell/remapping': [ '2.3.5' ],
19 silly audit   '@jridgewell/resolve-uri': [ '3.1.2' ],
19 silly audit   '@jridgewell/sourcemap-codec': [ '1.5.5' ],
19 silly audit   '@jridgewell/trace-mapping': [ '0.3.31' ],
19 silly audit   '@napi-rs/wasm-runtime': [ '1.1.4' ],
19 silly audit   '@oozcitak/dom': [ '2.0.2' ],
19 silly audit   '@oozcitak/infra': [ '2.0.2' ],
19 silly audit   '@oozcitak/url': [ '3.0.0' ],
19 silly audit   '@oozcitak/util': [ '10.0.0' ],
19 silly audit   '@oxc-parser/binding-android-arm-eabi': [ '0.120.0' ],
19 silly audit   '@oxc-parser/binding-android-arm64': [ '0.120.0' ],
19 silly audit   '@oxc-parser/binding-darwin-arm64': [ '0.120.0' ],
19 silly audit   '@oxc-parser/binding-darwin-x64': [ '0.120.0' ],
19 silly audit   '@oxc-parser/binding-freebsd-x64': [ '0.120.0' ],
19 silly audit   '@oxc-parser/binding-linux-arm-gnueabihf': [ '0.120.0' ],
19 silly audit   '@oxc-parser/binding-linux-arm-musleabihf': [ '0.120.0' ],
19 silly audit   '@oxc-parser/binding-linux-arm64-gnu': [ '0.120.0' ],
19 silly audit   '@oxc-parser/binding-linux-arm64-musl': [ '0.120.0' ],
19 silly audit   '@oxc-parser/binding-linux-ppc64-gnu': [ '0.120.0' ],
19 silly audit   '@oxc-parser/binding-linux-riscv64-gnu': [ '0.120.0' ],
19 silly audit   '@oxc-parser/binding-linux-riscv64-musl': [ '0.120.0' ],
19 silly audit   '@oxc-parser/binding-linux-s390x-gnu': [ '0.120.0' ],
19 silly audit   '@oxc-parser/binding-linux-x64-gnu': [ '0.120.0' ],
19 silly audit   '@oxc-parser/binding-linux-x64-musl': [ '0.120.0' ],
19 silly audit   '@oxc-parser/binding-openharmony-arm64': [ '0.120.0' ],
19 silly audit   '@oxc-parser/binding-wasm32-wasi': [ '0.120.0' ],
19 silly audit   '@oxc-parser/binding-win32-arm64-msvc': [ '0.120.0' ],
19 silly audit   '@oxc-parser/binding-win32-ia32-msvc': [ '0.120.0' ],
19 silly audit   '@oxc-parser/binding-win32-x64-msvc': [ '0.120.0' ],
19 silly audit   '@oxc-project/types': [ '0.120.0', '0.134.0', '0.133.0' ],
19 silly audit   '@radix-ui/number': [ '1.1.2' ],
19 silly audit   '@radix-ui/primitive': [ '1.1.4' ],
19 silly audit   '@radix-ui/react-accessible-icon': [ '1.1.9' ],
19 silly audit   '@radix-ui/react-accordion': [ '1.2.13' ],
19 silly audit   '@radix-ui/react-alert-dialog': [ '1.1.16' ],
19 silly audit   '@radix-ui/react-arrow': [ '1.1.9' ],
19 silly audit   '@radix-ui/react-aspect-ratio': [ '1.1.9' ],
19 silly audit   '@radix-ui/react-avatar': [ '1.1.12' ],
19 silly audit   '@radix-ui/react-checkbox': [ '1.3.4' ],
19 silly audit   '@radix-ui/react-collapsible': [ '1.1.13' ],
19 silly audit   '@radix-ui/react-collection': [ '1.1.9' ],
19 silly audit   '@radix-ui/react-compose-refs': [ '1.1.3' ],
19 silly audit   '@radix-ui/react-context': [ '1.1.4' ],
19 silly audit   '@radix-ui/react-context-menu': [ '2.3.0' ],
19 silly audit   '@radix-ui/react-dialog': [ '1.1.16' ],
19 silly audit   '@radix-ui/react-direction': [ '1.1.2' ],
19 silly audit   '@radix-ui/react-dismissable-layer': [ '1.1.12' ],
19 silly audit   '@radix-ui/react-dropdown-menu': [ '2.1.17' ],
19 silly audit   '@radix-ui/react-focus-guards': [ '1.1.4' ],
19 silly audit   '@radix-ui/react-focus-scope': [ '1.1.9' ],
19 silly audit   '@radix-ui/react-form': [ '0.1.9' ],
19 silly audit   '@radix-ui/react-hover-card': [ '1.1.16' ],
19 silly audit   '@radix-ui/react-id': [ '1.1.2' ],
19 silly audit   '@radix-ui/react-label': [ '2.1.9' ],
19 silly audit   '@radix-ui/react-menu': [ '2.1.17' ],
19 silly audit   '@radix-ui/react-menubar': [ '1.1.17' ],
19 silly audit   '@radix-ui/react-navigation-menu': [ '1.2.15' ],
19 silly audit   '@radix-ui/react-one-time-password-field': [ '0.1.9' ],
19 silly audit   '@radix-ui/react-password-toggle-field': [ '0.1.4' ],
19 silly audit   '@radix-ui/react-popover': [ '1.1.16' ],
19 silly audit   '@radix-ui/react-popper': [ '1.3.0' ],
19 silly audit   '@radix-ui/react-portal': [ '1.1.11' ],
19 silly audit   '@radix-ui/react-presence': [ '1.1.6' ],
19 silly audit   '@radix-ui/react-primitive': [ '2.1.5' ],
19 silly audit   '@radix-ui/react-progress': [ '1.1.9' ],
19 silly audit   '@radix-ui/react-radio-group': [ '1.4.0' ],
19 silly audit   '@radix-ui/react-roving-focus': [ '1.1.12' ],
19 silly audit   '@radix-ui/react-scroll-area': [ '1.2.11' ],
19 silly audit   '@radix-ui/react-select': [ '2.3.0' ],
19 silly audit   '@radix-ui/react-separator': [ '1.1.9' ],
19 silly audit   '@radix-ui/react-slider': [ '1.4.0' ],
19 silly audit   '@radix-ui/react-slot': [ '1.2.5' ],
19 silly audit   '@radix-ui/react-switch': [ '1.3.0' ],
19 silly audit   '@radix-ui/react-tabs': [ '1.1.14' ],
19 silly audit   '@radix-ui/react-toast': [ '1.2.16' ],
19 silly audit   '@radix-ui/react-toggle': [ '1.1.11' ],
19 silly audit   '@radix-ui/react-toggle-group': [ '1.1.12' ],
19 silly audit   '@radix-ui/react-toolbar': [ '1.1.12' ],
19 silly audit   '@radix-ui/react-tooltip': [ '1.2.9' ],
19 silly audit   '@radix-ui/react-use-callback-ref': [ '1.1.2' ],
19 silly audit   '@radix-ui/react-use-controllable-state': [ '1.2.3' ],
19 silly audit   '@radix-ui/react-use-effect-event': [ '0.0.3' ],
19 silly audit   '@radix-ui/react-use-escape-keydown': [ '1.1.2' ],
19 silly audit   '@radix-ui/react-use-is-hydrated': [ '0.1.1' ],
19 silly audit   '@radix-ui/react-use-layout-effect': [ '1.1.2' ],
19 silly audit   '@radix-ui/react-use-previous': [ '1.1.2' ],
19 silly audit   '@radix-ui/react-use-rect': [ '1.1.2' ],
19 silly audit   '@radix-ui/react-use-size': [ '1.1.2' ],
19 silly audit   '@radix-ui/react-visually-hidden': [ '1.2.5' ],
19 silly audit   '@radix-ui/rect': [ '1.1.2' ],
19 silly audit   '@rolldown/binding-android-arm64': [ '1.1.0', '1.0.3' ],
19 silly audit   '@rolldown/binding-darwin-arm64': [ '1.1.0', '1.0.3' ],
19 silly audit   '@rolldown/binding-darwin-x64': [ '1.1.0', '1.0.3' ],
19 silly audit   '@rolldown/binding-freebsd-x64': [ '1.1.0', '1.0.3' ],
19 silly audit   '@rolldown/binding-linux-arm-gnueabihf': [ '1.1.0', '1.0.3' ],
19 silly audit   '@rolldown/binding-linux-arm64-gnu': [ '1.1.0', '1.0.3' ],
19 silly audit   '@rolldown/binding-linux-arm64-musl': [ '1.1.0', '1.0.3' ],
19 silly audit   '@rolldown/binding-linux-ppc64-gnu': [ '1.1.0', '1.0.3' ],
19 silly audit   '@rolldown/binding-linux-s390x-gnu': [ '1.1.0', '1.0.3' ],
19 silly audit   '@rolldown/binding-linux-x64-gnu': [ '1.1.0', '1.0.3' ],
19 silly audit   '@rolldown/binding-linux-x64-musl': [ '1.1.0', '1.0.3' ],
19 silly audit   '@rolldown/binding-openharmony-arm64': [ '1.1.0', '1.0.3' ],
19 silly audit   '@rolldown/binding-wasm32-wasi': [ '1.1.0', '1.0.3' ],
19 silly audit   '@rolldown/binding-win32-arm64-msvc': [ '1.1.0', '1.0.3' ],
19 silly audit   '@rolldown/binding-win32-x64-msvc': [ '1.1.0', '1.0.3' ],
19 silly audit   '@rolldown/pluginutils': [ '1.0.1' ],
19 silly audit   '@solid-primitives/event-listener': [ '2.4.5' ],
19 silly audit   '@solid-primitives/keyboard': [ '1.3.5' ],
19 silly audit   '@solid-primitives/resize-observer': [ '2.1.5' ],
19 silly audit   '@solid-primitives/rootless': [ '1.5.3' ],
19 silly audit   '@solid-primitives/static-store': [ '0.1.3' ],
19 silly audit   '@solid-primitives/utils': [ '6.4.0' ],
19 silly audit   '@standard-schema/spec': [ '1.1.0' ],
19 silly audit   '@t3-oss/env-core': [ '0.13.11' ],
19 silly audit   '@tailwindcss/node': [ '4.3.0' ],
19 silly audit   '@tailwindcss/oxide': [ '4.3.0' ],
19 silly audit   '@tailwindcss/oxide-android-arm64': [ '4.3.0' ],
19 silly audit   '@tailwindcss/oxide-darwin-arm64': [ '4.3.0' ],
19 silly audit   '@tailwindcss/oxide-darwin-x64': [ '4.3.0' ],
19 silly audit   '@tailwindcss/oxide-freebsd-x64': [ '4.3.0' ],
19 silly audit   '@tailwindcss/oxide-linux-arm-gnueabihf': [ '4.3.0' ],
19 silly audit   '@tailwindcss/oxide-linux-arm64-gnu': [ '4.3.0' ],
19 silly audit   '@tailwindcss/oxide-linux-arm64-musl': [ '4.3.0' ],
19 silly audit   '@tailwindcss/oxide-linux-x64-gnu': [ '4.3.0' ],
19 silly audit   '@tailwindcss/oxide-linux-x64-musl': [ '4.3.0' ],
19 silly audit   '@tailwindcss/oxide-win32-arm64-msvc': [ '4.3.0' ],
19 silly audit   '@tailwindcss/oxide-win32-x64-msvc': [ '4.3.0' ],
19 silly audit   '@tailwindcss/typography': [ '0.5.20' ],
19 silly audit   '@tailwindcss/vite': [ '4.3.0' ],
19 silly audit   '@tanstack/db': [ '0.6.8' ],
19 silly audit   '@tanstack/db-ivm': [ '0.1.18' ],
19 silly audit   '@tanstack/devtools': [ '0.12.2' ],
19 silly audit   '@tanstack/devtools-client': [ '0.0.6' ],
19 silly audit   '@tanstack/devtools-event-bus': [ '0.4.1' ],
19 silly audit   '@tanstack/devtools-event-client': [ '0.4.3' ],
19 silly audit   '@tanstack/devtools-ui': [ '0.5.2' ],
19 silly audit   '@tanstack/devtools-vite': [ '0.7.0' ],
19 silly audit   '@tanstack/form-core': [ '1.33.0' ],
19 silly audit   '@tanstack/pacer-lite': [ '0.1.1', '0.2.2' ],
19 silly audit   '@tanstack/history': [ '1.162.0' ],
19 silly audit   '@tanstack/match-sorter-utils': [ '8.19.4' ],
19 silly audit   '@tanstack/query-core': [ '5.101.0' ],
19 silly audit   '@tanstack/query-db-collection': [ '1.0.40' ],
19 silly audit   '@tanstack/query-devtools': [ '5.101.0' ],
19 silly audit   '@tanstack/react-db': [ '0.1.86' ],
19 silly audit   '@tanstack/react-devtools': [ '0.10.5' ],
19 silly audit   '@tanstack/react-form': [ '1.33.0' ],
19 silly audit   '@tanstack/react-query': [ '5.101.0' ],
19 silly audit   '@tanstack/react-query-devtools': [ '5.101.0' ],
19 silly audit   '@tanstack/react-router': [ '1.170.15' ],
19 silly audit   '@tanstack/react-router-devtools': [ '1.167.0' ],
19 silly audit   '@tanstack/react-router-ssr-query': [ '1.167.1' ],
19 silly audit   '@tanstack/react-store': [ '0.9.3', '0.11.0' ],
19 silly audit   '@tanstack/store': [ '0.9.3', '0.11.0' ],
19 silly audit   '@tanstack/react-start': [ '1.168.25' ],
19 silly audit   '@tanstack/react-start-client': [ '1.168.13' ],
19 silly audit   '@tanstack/react-start-rsc': [ '0.1.24' ],
19 silly audit   '@tanstack/react-start-server': [ '1.167.19' ],
19 silly audit   '@tanstack/react-table': [ '8.21.3' ],
19 silly audit   '@tanstack/router-cli': [ '1.167.17' ],
19 silly audit   '@tanstack/router-core': [ '1.171.13' ],
19 silly audit   '@tanstack/router-devtools-core': [ '1.168.0' ],
19 silly audit   '@tanstack/router-generator': [ '1.167.17' ],
19 silly audit   '@tanstack/router-plugin': [ '1.168.18' ],
19 silly audit   '@tanstack/router-ssr-query-core': [ '1.169.1' ],
19 silly audit   '@tanstack/router-utils': [ '1.162.2' ],
19 silly audit   '@tanstack/start-client-core': [ '1.170.12' ],
19 silly audit   '@tanstack/start-fn-stubs': [ '1.162.0' ],
19 silly audit   '@tanstack/start-plugin-core': [ '1.171.17' ],
19 silly audit   '@tanstack/start-server-core': [ '1.169.14' ],
19 silly audit   '@tanstack/start-storage-context': [ '1.167.15' ],
19 silly audit   '@tanstack/table-core': [ '8.21.3' ],
19 silly audit   '@tanstack/virtual-file-routes': [ '1.162.0' ],
19 silly audit   '@testing-library/dom': [ '10.4.1' ],
19 silly audit   '@testing-library/react': [ '16.3.2' ],
19 silly audit   '@tybys/wasm-util': [ '0.10.2' ],
19 silly audit   '@types/aria-query': [ '5.0.4' ],
19 silly audit   '@types/chai': [ '5.2.3' ],
19 silly audit   '@types/deep-eql': [ '4.0.2' ],
19 silly audit   '@types/estree': [ '1.0.9' ],
19 silly audit   '@types/node': [ '22.19.20' ],
19 silly audit   '@types/pg': [ '8.20.0' ],
19 silly audit   '@types/react': [ '19.2.17' ],
19 silly audit   '@types/react-dom': [ '19.2.3' ],
19 silly audit   csstype: [ '3.2.3', '3.1.3' ],
19 silly audit   '@vitejs/plugin-react': [ '6.0.2' ],
19 silly audit   '@vitest/expect': [ '4.1.8' ],
19 silly audit   '@vitest/mocker': [ '4.1.8' ],
19 silly audit   '@vitest/pretty-format': [ '4.1.8' ],
19 silly audit   '@vitest/runner': [ '4.1.8' ],
19 silly audit   '@vitest/snapshot': [ '4.1.8' ],
19 silly audit   '@vitest/spy': [ '4.1.8' ],
19 silly audit   '@vitest/utils': [ '4.1.8' ],
19 silly audit   'agent-base': [ '7.1.4' ],
19 silly audit   'ansi-regex': [ '5.0.1' ],
19 silly audit   'ansi-styles': [ '5.2.0', '4.3.0' ],
19 silly audit   ansis: [ '4.3.1' ],
19 silly audit   argparse: [ '2.0.1' ],
19 silly audit   'aria-hidden': [ '1.2.6' ],
19 silly audit   'aria-query': [ '5.3.0' ],
19 silly audit   'assertion-error': [ '2.0.1' ],
19 silly audit   'babel-dead-code-elimination': [ '1.0.12' ],
19 silly audit   'baseline-browser-mapping': [ '2.10.34' ],
19 silly audit   'bidi-js': [ '1.0.3' ],
19 silly audit   browserslist: [ '4.28.2' ],
19 silly audit   'buffer-from': [ '1.1.2' ],
19 silly audit   'caniuse-lite': [ '1.0.30001797' ],
19 silly audit   chai: [ '6.2.2' ],
19 silly audit   chalk: [ '5.6.2' ],
19 silly audit   chokidar: [ '5.0.0' ],
19 silly audit   'class-variance-authority': [ '0.7.1' ],
19 silly audit   cliui: [ '8.0.1' ],
19 silly audit   clsx: [ '2.1.1' ],
19 silly audit   'color-convert': [ '2.0.1' ],
19 silly audit   'color-name': [ '1.1.4' ],
19 silly audit   consola: [ '3.4.2' ],
19 silly audit   'convert-source-map': [ '2.0.0' ],
19 silly audit   'cookie-es': [ '3.1.1' ],
19 silly audit   crossws: [ '0.4.6' ],
19 silly audit   'css-tree': [ '3.2.1' ],
19 silly audit   cssesc: [ '3.0.0' ],
19 silly audit   cssstyle: [ '6.2.0' ],
19 silly audit   'data-urls': [ '7.0.0' ],
19 silly audit   dayjs: [ '1.11.21' ],
19 silly audit   db0: [ '0.3.4' ],
19 silly audit   debug: [ '4.4.3' ],
19 silly audit   'decimal.js': [ '10.6.0' ],
19 silly audit   dequal: [ '2.0.3' ],
19 silly audit   'detect-libc': [ '2.1.2' ],
19 silly audit   'detect-node-es': [ '1.1.0' ],
19 silly audit   diff: [ '8.0.4' ],
19 silly audit   'dom-accessibility-api': [ '0.5.16' ],
19 silly audit   dotenv: [ '17.4.2' ],
19 silly audit   'drizzle-kit': [ '0.31.10' ],
19 silly audit   'drizzle-orm': [ '0.45.2' ],
19 silly audit   'electron-to-chromium': [ '1.5.370' ],
19 silly audit   'emoji-regex': [ '8.0.0' ],
19 silly audit   'enhanced-resolve': [ '5.23.0' ],
19 silly audit   entities: [ '8.0.0' ],
19 silly audit   'env-runner': [ '0.1.9' ],
19 silly audit   'es-module-lexer': [ '2.1.0' ],
19 silly audit   escalade: [ '3.2.0' ],
19 silly audit   'estree-walker': [ '3.0.3' ],
19 silly audit   'expect-type': [ '1.3.0' ],
19 silly audit   exsolve: [ '1.0.8' ],
19 silly audit   fdir: [ '6.5.0' ],
19 silly audit   fetchdts: [ '0.1.7' ],
19 silly audit   'fractional-indexing': [ '3.2.0' ],
19 silly audit   fsevents: [ '2.3.3' ],
19 silly audit   gensync: [ '1.0.0-beta.2' ],
19 silly audit   'get-caller-file': [ '2.0.5' ],
19 silly audit   'get-nonce': [ '1.0.1' ],
19 silly audit   'get-tsconfig': [ '4.14.0' ],
19 silly audit   'glob-to-regexp': [ '0.4.1' ],
19 silly audit   goober: [ '2.1.19' ],
19 silly audit   'graceful-fs': [ '4.2.11' ],
19 silly audit   h3: [ '2.0.1-rc.22', '2.0.1-rc.20' ],
19 silly audit   hookable: [ '6.1.1' ],
19 silly audit   'html-encoding-sniffer': [ '6.0.0' ],
19 silly audit   'http-proxy-agent': [ '7.0.2' ],
19 silly audit   'https-proxy-agent': [ '7.0.6' ],
19 silly audit   httpxy: [ '0.5.3' ],
19 silly audit   'is-fullwidth-code-point': [ '3.0.0' ],
19 silly audit   'is-potential-custom-element-name': [ '1.0.1' ],
19 silly audit   isbot: [ '5.1.42' ],
19 silly audit   jiti: [ '2.7.0' ],
19 silly audit   'js-cookie': [ '3.0.7' ],
19 silly audit   'js-tokens': [ '4.0.0' ],
19 silly audit   'js-yaml': [ '4.2.0' ],
19 silly audit   jsdom: [ '28.1.0' ],
19 silly audit   jsesc: [ '3.1.0' ],
19 silly audit   json5: [ '2.2.3' ],
19 silly audit   'launch-editor': [ '2.14.1' ],
19 silly audit   lightningcss: [ '1.32.0' ],
19 silly audit   'lightningcss-android-arm64': [ '1.32.0' ],
19 silly audit   'lightningcss-darwin-arm64': [ '1.32.0' ],
19 silly audit   'lightningcss-darwin-x64': [ '1.32.0' ],
19 silly audit   'lightningcss-freebsd-x64': [ '1.32.0' ],
19 silly audit   'lightningcss-linux-arm-gnueabihf': [ '1.32.0' ],
19 silly audit   'lightningcss-linux-arm64-gnu': [ '1.32.0' ],
19 silly audit   'lightningcss-linux-arm64-musl': [ '1.32.0' ],
19 silly audit   'lightningcss-linux-x64-gnu': [ '1.32.0' ],
19 silly audit   'lightningcss-linux-x64-musl': [ '1.32.0' ],
19 silly audit   'lightningcss-win32-arm64-msvc': [ '1.32.0' ],
19 silly audit   'lightningcss-win32-x64-msvc': [ '1.32.0' ],
19 silly audit   'lucide-react': [ '0.577.0' ],
19 silly audit   'lz-string': [ '1.5.0' ],
19 silly audit   'magic-string': [ '0.30.21' ],
19 silly audit   'mdn-data': [ '2.27.1' ],
19 silly audit   ms: [ '2.1.3' ],
19 silly audit   nanoid: [ '3.3.12' ],
19 silly audit   nf3: [ '0.3.17' ],
19 silly audit   'nitro-nightly': [ '3.0.1-20260609-125735-da2a75d9' ],
19 silly audit   unstorage: [ '2.0.0-alpha.7' ],
19 silly audit   'node-releases': [ '2.0.47' ],
19 silly audit   obug: [ '2.1.2' ],
19 silly audit   ocache: [ '0.1.4' ],
19 silly audit   ofetch: [ '2.0.0-alpha.3' ],
19 silly audit   ohash: [ '2.0.11' ],
19 silly audit   'oxc-parser': [ '0.120.0' ],
19 silly audit   parse5: [ '8.0.1' ],
19 silly audit   pathe: [ '2.0.3' ],
19 silly audit   pg: [ '8.21.0' ],
19 silly audit   'pg-cloudflare': [ '1.4.0' ],
19 silly audit   'pg-connection-string': [ '2.13.0' ],
19 silly audit   'pg-int8': [ '1.0.1' ],
19 silly audit   'pg-pool': [ '3.14.0' ],
19 silly audit   'pg-protocol': [ '1.14.0' ],
19 silly audit   'pg-types': [ '2.2.0' ],
19 silly audit   pgpass: [ '1.0.5' ],
19 silly audit   picocolors: [ '1.1.1' ],
19 silly audit   picomatch: [ '4.0.4' ],
19 silly audit   postcss: [ '8.5.15' ],
19 silly audit   'postcss-selector-parser': [ '6.0.10' ],
19 silly audit   'postgres-array': [ '2.0.0' ],
19 silly audit   'postgres-bytea': [ '1.0.1' ],
19 silly audit   'postgres-date': [ '1.0.7' ],
19 silly audit   'postgres-interval': [ '1.2.0' ],
19 silly audit   prettier: [ '3.8.4' ],
19 silly audit   'pretty-format': [ '27.5.1' ],
19 silly audit   punycode: [ '2.3.1' ],
19 silly audit   'radix-ui': [ '1.5.0' ],
19 silly audit   react: [ '19.2.7' ],
19 silly audit   'react-dom': [ '19.2.7' ],
19 silly audit   'react-is': [ '17.0.2' ],
19 silly audit   'react-remove-scroll': [ '2.7.2' ],
19 silly audit   'react-remove-scroll-bar': [ '2.3.8' ],
19 silly audit   'react-style-singleton': [ '2.2.3' ],
19 silly audit   readdirp: [ '5.0.0' ],
19 silly audit   'remove-accents': [ '0.5.0' ],
19 silly audit   'require-directory': [ '2.1.1' ],
19 silly audit   'require-from-string': [ '2.0.2' ],
19 silly audit   'resolve-pkg-maps': [ '1.0.0' ],
19 silly audit   rolldown: [ '1.1.0', '1.0.3' ],
19 silly audit   rou3: [ '0.8.1' ],
19 silly audit   saxes: [ '6.0.0' ],
19 silly audit   scheduler: [ '0.27.0' ],
19 silly audit   semver: [ '6.3.1' ],
19 silly audit   seroval: [ '1.5.4' ],
19 silly audit   'seroval-plugins': [ '1.5.4' ],
19 silly audit   'shell-quote': [ '1.8.4' ],
19 silly audit   siginfo: [ '2.0.0' ],
19 silly audit   'solid-js': [ '1.9.13' ],
19 silly audit   'sorted-btree': [ '1.8.1' ],
19 silly audit   'source-map': [ '0.7.6', '0.6.1' ],
19 silly audit   'source-map-js': [ '1.2.1' ],
19 silly audit   'source-map-support': [ '0.5.21' ],
19 silly audit   split2: [ '4.2.0' ],
19 silly audit   srvx: [ '0.11.16' ],
19 silly audit   stackback: [ '0.0.2' ],
19 silly audit   'std-env': [ '3.10.0', '4.1.0' ],
19 silly audit   'string-width': [ '4.2.3' ],
19 silly audit   'strip-ansi': [ '6.0.1' ],
19 silly audit   swr: [ '2.3.4' ],
19 silly audit   'symbol-tree': [ '3.2.4' ],
19 silly audit   'tailwind-merge': [ '3.6.0' ],
19 silly audit   tailwindcss: [ '4.3.0' ],
19 silly audit   tapable: [ '2.3.3' ],
19 silly audit   tinybench: [ '2.9.0' ],
19 silly audit   tinyexec: [ '1.2.4' ],
19 silly audit   tinyglobby: [ '0.2.17' ],
19 silly audit   tinyrainbow: [ '3.1.0' ],
19 silly audit   tldts: [ '7.4.2' ],
19 silly audit   'tldts-core': [ '7.4.2' ],
19 silly audit   'tough-cookie': [ '6.0.1' ],
19 silly audit   tr46: [ '6.0.0' ],
19 silly audit   tslib: [ '2.8.1' ],
19 silly audit   tsx: [ '4.22.4' ],
19 silly audit   'tw-animate-css': [ '1.4.0' ],
19 silly audit   typescript: [ '6.0.3' ],
19 silly audit   ufo: [ '1.6.4' ],
19 silly audit   undici: [ '7.27.2' ],
19 silly audit   'undici-types': [ '6.21.0' ],
19 silly audit   unenv: [ '2.0.0-rc.24' ],
19 silly audit   unplugin: [ '3.0.0' ],
19 silly audit   'update-browserslist-db': [ '1.2.3' ],
19 silly audit   'use-callback-ref': [ '1.3.3' ],
19 silly audit   'use-sidecar': [ '1.1.3' ],
19 silly audit   'use-sync-external-store': [ '1.6.0' ],
19 silly audit   'util-deprecate': [ '1.0.2' ],
19 silly audit   vite: [ '8.0.16' ],
19 silly audit   vitefu: [ '1.1.3' ],
19 silly audit   vitest: [ '4.1.8' ],
19 silly audit   'w3c-xmlserializer': [ '5.0.0' ],
19 silly audit   'webidl-conversions': [ '8.0.1' ],
19 silly audit   'webpack-virtual-modules': [ '0.6.2' ],
19 silly audit   'whatwg-mimetype': [ '5.0.0' ],
19 silly audit   'whatwg-url': [ '16.0.1' ],
19 silly audit   'why-is-node-running': [ '2.3.0' ],
19 silly audit   'wrap-ansi': [ '7.0.0' ],
19 silly audit   ws: [ '8.21.0' ],
19 silly audit   'xml-name-validator': [ '5.0.0' ],
19 silly audit   xmlbuilder2: [ '4.0.3' ],
19 silly audit   xmlchars: [ '2.2.0' ],
19 silly audit   xtend: [ '4.0.2' ],
19 silly audit   y18n: [ '5.0.8' ],
19 silly audit   yallist: [ '3.1.1' ],
19 silly audit   yargs: [ '17.7.2' ],
19 silly audit   'yargs-parser': [ '21.1.1' ],
19 silly audit   zod: [ '4.4.3' ],
19 silly audit   zustand: [ '5.0.14' ],
19 silly audit   '@tailwindcss/oxide-wasm32-wasi': [ '4.3.0' ]
19 silly audit }
20 verbose reify failed optional dependency D:\portfolio-web\portfolio-management-system\portfolio-management-system\node_modules\lightningcss-win32-arm64-msvc
21 silly reify mark deleted [
21 silly reify   'D:\\portfolio-web\\portfolio-management-system\\portfolio-management-system\\node_modules\\lightningcss-win32-arm64-msvc'
21 silly reify ]
22 verbose reify failed optional dependency D:\portfolio-web\portfolio-management-system\portfolio-management-system\node_modules\lightningcss-linux-x64-musl
23 silly reify mark deleted [
23 silly reify   'D:\\portfolio-web\\portfolio-management-system\\portfolio-management-system\\node_modules\\lightningcss-linux-x64-musl'
23 silly reify ]
24 verbose reify failed optional dependency D:\portfolio-web\portfolio-management-system\portfolio-management-system\node_modules\lightningcss-linux-x64-gnu
25 silly reify mark deleted [
25 silly reify   'D:\\portfolio-web\\portfolio-management-system\\portfolio-management-system\\node_modules\\lightningcss-linux-x64-gnu'
25 silly reify ]
26 verbose reify failed optional dependency D:\portfolio-web\portfolio-management-system\portfolio-management-system\node_modules\lightningcss-linux-arm64-musl
27 silly reify mark deleted [
27 silly reify   'D:\\portfolio-web\\portfolio-management-system\\portfolio-management-system\\node_modules\\lightningcss-linux-arm64-musl'
27 silly reify ]
28 verbose reify failed optional dependency D:\portfolio-web\portfolio-management-system\portfolio-management-system\node_modules\lightningcss-linux-arm64-gnu
29 silly reify mark deleted [
29 silly reify   'D:\\portfolio-web\\portfolio-management-system\\portfolio-management-system\\node_modules\\lightningcss-linux-arm64-gnu'
29 silly reify ]
30 verbose reify failed optional dependency D:\portfolio-web\portfolio-management-system\portfolio-management-system\node_modules\lightningcss-linux-arm-gnueabihf
31 silly reify mark deleted [
31 silly reify   'D:\\portfolio-web\\portfolio-management-system\\portfolio-management-system\\node_modules\\lightningcss-linux-arm-gnueabihf'
31 silly reify ]
32 verbose reify failed optional dependency D:\portfolio-web\portfolio-management-system\portfolio-management-system\node_modules\lightningcss-freebsd-x64
33 silly reify mark deleted [
33 silly reify   'D:\\portfolio-web\\portfolio-management-system\\portfolio-management-system\\node_modules\\lightningcss-freebsd-x64'
33 silly reify ]
34 verbose reify failed optional dependency D:\portfolio-web\portfolio-management-system\portfolio-management-system\node_modules\lightningcss-darwin-x64
35 silly reify mark deleted [
35 silly reify   'D:\\portfolio-web\\portfolio-management-system\\portfolio-management-system\\node_modules\\lightningcss-darwin-x64'
35 silly reify ]
36 verbose reify failed optional dependency D:\portfolio-web\portfolio-management-system\portfolio-management-system\node_modules\lightningcss-darwin-arm64
37 silly reify mark deleted [
37 silly reify   'D:\\portfolio-web\\portfolio-management-system\\portfolio-management-system\\node_modules\\lightningcss-darwin-arm64'
37 silly reify ]
38 verbose reify failed optional dependency D:\portfolio-web\portfolio-management-system\portfolio-management-system\node_modules\lightningcss-android-arm64
39 silly reify mark deleted [
39 silly reify   'D:\\portfolio-web\\portfolio-management-system\\portfolio-management-system\\node_modules\\lightningcss-android-arm64'
39 silly reify ]
40 verbose reify failed optional dependency D:\portfolio-web\portfolio-management-system\portfolio-management-system\node_modules\fsevents
41 silly reify mark deleted [
41 silly reify   'D:\\portfolio-web\\portfolio-management-system\\portfolio-management-system\\node_modules\\fsevents'
41 silly reify ]
42 verbose reify failed optional dependency D:\portfolio-web\portfolio-management-system\portfolio-management-system\node_modules\@tailwindcss\oxide-win32-arm64-msvc
43 silly reify mark deleted [
43 silly reify   'D:\\portfolio-web\\portfolio-management-system\\portfolio-management-system\\node_modules\\@tailwindcss\\oxide-win32-arm64-msvc'
43 silly reify ]
44 verbose reify failed optional dependency D:\portfolio-web\portfolio-management-system\portfolio-management-system\node_modules\@tailwindcss\oxide-linux-x64-musl
45 silly reify mark deleted [
45 silly reify   'D:\\portfolio-web\\portfolio-management-system\\portfolio-management-system\\node_modules\\@tailwindcss\\oxide-linux-x64-musl'
45 silly reify ]
46 verbose reify failed optional dependency D:\portfolio-web\portfolio-management-system\portfolio-management-system\node_modules\@tailwindcss\oxide-linux-x64-gnu
47 silly reify mark deleted [
47 silly reify   'D:\\portfolio-web\\portfolio-management-system\\portfolio-management-system\\node_modules\\@tailwindcss\\oxide-linux-x64-gnu'
47 silly reify ]
48 verbose reify failed optional dependency D:\portfolio-web\portfolio-management-system\portfolio-management-system\node_modules\@tailwindcss\oxide-linux-arm64-musl
49 silly reify mark deleted [
49 silly reify   'D:\\portfolio-web\\portfolio-management-system\\portfolio-management-system\\node_modules\\@tailwindcss\\oxide-linux-arm64-musl'
49 silly reify ]
50 verbose reify failed optional dependency D:\portfolio-web\portfolio-management-system\portfolio-management-system\node_modules\@tailwindcss\oxide-linux-arm64-gnu
51 silly reify mark deleted [
51 silly reify   'D:\\portfolio-web\\portfolio-management-system\\portfolio-management-system\\node_modules\\@tailwindcss\\oxide-linux-arm64-gnu'
51 silly reify ]
52 verbose reify failed optional dependency D:\portfolio-web\portfolio-management-system\portfolio-management-system\node_modules\@tailwindcss\oxide-linux-arm-gnueabihf
53 silly reify mark deleted [
53 silly reify   'D:\\portfolio-web\\portfolio-management-system\\portfolio-management-system\\node_modules\\@tailwindcss\\oxide-linux-arm-gnueabihf'
53 silly reify ]
54 verbose reify failed optional dependency D:\portfolio-web\portfolio-management-system\portfolio-management-system\node_modules\@tailwindcss\oxide-freebsd-x64
55 silly reify mark deleted [
55 silly reify   'D:\\portfolio-web\\portfolio-management-system\\portfolio-management-system\\node_modules\\@tailwindcss\\oxide-freebsd-x64'
55 silly reify ]
56 verbose reify failed optional dependency D:\portfolio-web\portfolio-management-system\portfolio-management-system\node_modules\@tailwindcss\oxide-darwin-x64
57 silly reify mark deleted [
57 silly reify   'D:\\portfolio-web\\portfolio-management-system\\portfolio-management-system\\node_modules\\@tailwindcss\\oxide-darwin-x64'
57 silly reify ]
58 verbose reify failed optional dependency D:\portfolio-web\portfolio-management-system\portfolio-management-system\node_modules\@tailwindcss\oxide-darwin-arm64
59 silly reify mark deleted [
59 silly reify   'D:\\portfolio-web\\portfolio-management-system\\portfolio-management-system\\node_modules\\@tailwindcss\\oxide-darwin-arm64'
59 silly reify ]
60 verbose reify failed optional dependency D:\portfolio-web\portfolio-management-system\portfolio-management-system\node_modules\@tailwindcss\oxide-android-arm64
61 silly reify mark deleted [
61 silly reify   'D:\\portfolio-web\\portfolio-management-system\\portfolio-management-system\\node_modules\\@tailwindcss\\oxide-android-arm64'
61 silly reify ]
62 verbose reify failed optional dependency D:\portfolio-web\portfolio-management-system\portfolio-management-system\node_modules\@rolldown\binding-win32-arm64-msvc
63 silly reify mark deleted [
63 silly reify   'D:\\portfolio-web\\portfolio-management-system\\portfolio-management-system\\node_modules\\@rolldown\\binding-win32-arm64-msvc'
63 silly reify ]
64 verbose reify failed optional dependency D:\portfolio-web\portfolio-management-system\portfolio-management-system\node_modules\@rolldown\binding-wasm32-wasi
65 silly reify mark deleted [
65 silly reify   'D:\\portfolio-web\\portfolio-management-system\\portfolio-management-system\\node_modules\\@rolldown\\binding-wasm32-wasi'
65 silly reify ]
66 verbose reify failed optional dependency D:\portfolio-web\portfolio-management-system\portfolio-management-system\node_modules\@rolldown\binding-wasm32-wasi\node_modules\@emnapi\core
67 silly reify mark deleted [
67 silly reify   'D:\\portfolio-web\\portfolio-management-system\\portfolio-management-system\\node_modules\\@rolldown\\binding-wasm32-wasi\\node_modules\\@emnapi\\core'
67 silly reify ]
68 verbose reify failed optional dependency D:\portfolio-web\portfolio-management-system\portfolio-management-system\node_modules\@rolldown\binding-wasm32-wasi\node_modules\@emnapi\runtime
69 silly reify mark deleted [
69 silly reify   'D:\\portfolio-web\\portfolio-management-system\\portfolio-management-system\\node_modules\\@rolldown\\binding-wasm32-wasi\\node_modules\\@emnapi\\runtime'
69 silly reify ]
70 verbose reify failed optional dependency D:\portfolio-web\portfolio-management-system\portfolio-management-system\node_modules\@rolldown\binding-wasm32-wasi\node_modules\@emnapi\wasi-threads
71 silly reify mark deleted [
71 silly reify   'D:\\portfolio-web\\portfolio-management-system\\portfolio-management-system\\node_modules\\@rolldown\\binding-wasm32-wasi\\node_modules\\@emnapi\\wasi-threads'
71 silly reify ]
72 verbose reify failed optional dependency D:\portfolio-web\portfolio-management-system\portfolio-management-system\node_modules\@rolldown\binding-openharmony-arm64
73 silly reify mark deleted [
73 silly reify   'D:\\portfolio-web\\portfolio-management-system\\portfolio-management-system\\node_modules\\@rolldown\\binding-openharmony-arm64'
73 silly reify ]
74 verbose reify failed optional dependency D:\portfolio-web\portfolio-management-system\portfolio-management-system\node_modules\@rolldown\binding-linux-x64-musl
75 silly reify mark deleted [
75 silly reify   'D:\\portfolio-web\\portfolio-management-system\\portfolio-management-system\\node_modules\\@rolldown\\binding-linux-x64-musl'
75 silly reify ]
76 verbose reify failed optional dependency D:\portfolio-web\portfolio-management-system\portfolio-management-system\node_modules\@rolldown\binding-linux-x64-gnu
77 silly reify mark deleted [
77 silly reify   'D:\\portfolio-web\\portfolio-management-system\\portfolio-management-system\\node_modules\\@rolldown\\binding-linux-x64-gnu'
77 silly reify ]
78 verbose reify failed optional dependency D:\portfolio-web\portfolio-management-system\portfolio-management-system\node_modules\@rolldown\binding-linux-s390x-gnu
79 silly reify mark deleted [
79 silly reify   'D:\\portfolio-web\\portfolio-management-system\\portfolio-management-system\\node_modules\\@rolldown\\binding-linux-s390x-gnu'
79 silly reify ]
80 verbose reify failed optional dependency D:\portfolio-web\portfolio-management-system\portfolio-management-system\node_modules\@rolldown\binding-linux-ppc64-gnu
81 silly reify mark deleted [
81 silly reify   'D:\\portfolio-web\\portfolio-management-system\\portfolio-management-system\\node_modules\\@rolldown\\binding-linux-ppc64-gnu'
81 silly reify ]
82 verbose reify failed optional dependency D:\portfolio-web\portfolio-management-system\portfolio-management-system\node_modules\@rolldown\binding-linux-arm64-musl
83 silly reify mark deleted [
83 silly reify   'D:\\portfolio-web\\portfolio-management-system\\portfolio-management-system\\node_modules\\@rolldown\\binding-linux-arm64-musl'
83 silly reify ]
84 verbose reify failed optional dependency D:\portfolio-web\portfolio-management-system\portfolio-management-system\node_modules\@rolldown\binding-linux-arm64-gnu
85 silly reify mark deleted [
85 silly reify   'D:\\portfolio-web\\portfolio-management-system\\portfolio-management-system\\node_modules\\@rolldown\\binding-linux-arm64-gnu'
85 silly reify ]
86 verbose reify failed optional dependency D:\portfolio-web\portfolio-management-system\portfolio-management-system\node_modules\@rolldown\binding-linux-arm-gnueabihf
87 silly reify mark deleted [
87 silly reify   'D:\\portfolio-web\\portfolio-management-system\\portfolio-management-system\\node_modules\\@rolldown\\binding-linux-arm-gnueabihf'
87 silly reify ]
88 verbose reify failed optional dependency D:\portfolio-web\portfolio-management-system\portfolio-management-system\node_modules\@rolldown\binding-freebsd-x64
89 silly reify mark deleted [
89 silly reify   'D:\\portfolio-web\\portfolio-management-system\\portfolio-management-system\\node_modules\\@rolldown\\binding-freebsd-x64'
89 silly reify ]
90 verbose reify failed optional dependency D:\portfolio-web\portfolio-management-system\portfolio-management-system\node_modules\@rolldown\binding-darwin-x64
91 silly reify mark deleted [
91 silly reify   'D:\\portfolio-web\\portfolio-management-system\\portfolio-management-system\\node_modules\\@rolldown\\binding-darwin-x64'
91 silly reify ]
92 verbose reify failed optional dependency D:\portfolio-web\portfolio-management-system\portfolio-management-system\node_modules\@rolldown\binding-darwin-arm64
93 silly reify mark deleted [
93 silly reify   'D:\\portfolio-web\\portfolio-management-system\\portfolio-management-system\\node_modules\\@rolldown\\binding-darwin-arm64'
93 silly reify ]
94 verbose reify failed optional dependency D:\portfolio-web\portfolio-management-system\portfolio-management-system\node_modules\@rolldown\binding-android-arm64
95 silly reify mark deleted [
95 silly reify   'D:\\portfolio-web\\portfolio-management-system\\portfolio-management-system\\node_modules\\@rolldown\\binding-android-arm64'
95 silly reify ]
96 verbose reify failed optional dependency D:\portfolio-web\portfolio-management-system\portfolio-management-system\node_modules\@oxc-parser\binding-win32-ia32-msvc
97 silly reify mark deleted [
97 silly reify   'D:\\portfolio-web\\portfolio-management-system\\portfolio-management-system\\node_modules\\@oxc-parser\\binding-win32-ia32-msvc'
97 silly reify ]
98 verbose reify failed optional dependency D:\portfolio-web\portfolio-management-system\portfolio-management-system\node_modules\@oxc-parser\binding-win32-arm64-msvc
99 silly reify mark deleted [
99 silly reify   'D:\\portfolio-web\\portfolio-management-system\\portfolio-management-system\\node_modules\\@oxc-parser\\binding-win32-arm64-msvc'
99 silly reify ]
100 verbose reify failed optional dependency D:\portfolio-web\portfolio-management-system\portfolio-management-system\node_modules\@oxc-parser\binding-wasm32-wasi
101 silly reify mark deleted [
101 silly reify   'D:\\portfolio-web\\portfolio-management-system\\portfolio-management-system\\node_modules\\@oxc-parser\\binding-wasm32-wasi'
101 silly reify ]
102 verbose reify failed optional dependency D:\portfolio-web\portfolio-management-system\portfolio-management-system\node_modules\@oxc-parser\binding-openharmony-arm64
103 silly reify mark deleted [
103 silly reify   'D:\\portfolio-web\\portfolio-management-system\\portfolio-management-system\\node_modules\\@oxc-parser\\binding-openharmony-arm64'
103 silly reify ]
104 verbose reify failed optional dependency D:\portfolio-web\portfolio-management-system\portfolio-management-system\node_modules\@oxc-parser\binding-linux-x64-musl
105 silly reify mark deleted [
105 silly reify   'D:\\portfolio-web\\portfolio-management-system\\portfolio-management-system\\node_modules\\@oxc-parser\\binding-linux-x64-musl'
105 silly reify ]
106 verbose reify failed optional dependency D:\portfolio-web\portfolio-management-system\portfolio-management-system\node_modules\@oxc-parser\binding-linux-x64-gnu
107 silly reify mark deleted [
107 silly reify   'D:\\portfolio-web\\portfolio-management-system\\portfolio-management-system\\node_modules\\@oxc-parser\\binding-linux-x64-gnu'
107 silly reify ]
108 verbose reify failed optional dependency D:\portfolio-web\portfolio-management-system\portfolio-management-system\node_modules\@oxc-parser\binding-linux-s390x-gnu
109 silly reify mark deleted [
109 silly reify   'D:\\portfolio-web\\portfolio-management-system\\portfolio-management-system\\node_modules\\@oxc-parser\\binding-linux-s390x-gnu'
109 silly reify ]
110 verbose reify failed optional dependency D:\portfolio-web\portfolio-management-system\portfolio-management-system\node_modules\@oxc-parser\binding-linux-riscv64-musl
111 silly reify mark deleted [
111 silly reify   'D:\\portfolio-web\\portfolio-management-system\\portfolio-management-system\\node_modules\\@oxc-parser\\binding-linux-riscv64-musl'
111 silly reify ]
112 verbose reify failed optional dependency D:\portfolio-web\portfolio-management-system\portfolio-management-system\node_modules\@oxc-parser\binding-linux-riscv64-gnu
113 silly reify mark deleted [
113 silly reify   'D:\\portfolio-web\\portfolio-management-system\\portfolio-management-system\\node_modules\\@oxc-parser\\binding-linux-riscv64-gnu'
113 silly reify ]
114 verbose reify failed optional dependency D:\portfolio-web\portfolio-management-system\portfolio-management-system\node_modules\@oxc-parser\binding-linux-ppc64-gnu
115 silly reify mark deleted [
115 silly reify   'D:\\portfolio-web\\portfolio-management-system\\portfolio-management-system\\node_modules\\@oxc-parser\\binding-linux-ppc64-gnu'
115 silly reify ]
116 verbose reify failed optional dependency D:\portfolio-web\portfolio-management-system\portfolio-management-system\node_modules\@oxc-parser\binding-linux-arm64-musl
117 silly reify mark deleted [
117 silly reify   'D:\\portfolio-web\\portfolio-management-system\\portfolio-management-system\\node_modules\\@oxc-parser\\binding-linux-arm64-musl'
117 silly reify ]
118 verbose reify failed optional dependency D:\portfolio-web\portfolio-management-system\portfolio-management-system\node_modules\@oxc-parser\binding-linux-arm64-gnu
119 silly reify mark deleted [
119 silly reify   'D:\\portfolio-web\\portfolio-management-system\\portfolio-management-system\\node_modules\\@oxc-parser\\binding-linux-arm64-gnu'
119 silly reify ]
120 verbose reify failed optional dependency D:\portfolio-web\portfolio-management-system\portfolio-management-system\node_modules\@oxc-parser\binding-linux-arm-musleabihf
121 silly reify mark deleted [
121 silly reify   'D:\\portfolio-web\\portfolio-management-system\\portfolio-management-system\\node_modules\\@oxc-parser\\binding-linux-arm-musleabihf'
121 silly reify ]
122 verbose reify failed optional dependency D:\portfolio-web\portfolio-management-system\portfolio-management-system\node_modules\@oxc-parser\binding-linux-arm-gnueabihf
123 silly reify mark deleted [
123 silly reify   'D:\\portfolio-web\\portfolio-management-system\\portfolio-management-system\\node_modules\\@oxc-parser\\binding-linux-arm-gnueabihf'
123 silly reify ]
124 verbose reify failed optional dependency D:\portfolio-web\portfolio-management-system\portfolio-management-system\node_modules\@oxc-parser\binding-freebsd-x64
125 silly reify mark deleted [
125 silly reify   'D:\\portfolio-web\\portfolio-management-system\\portfolio-management-system\\node_modules\\@oxc-parser\\binding-freebsd-x64'
125 silly reify ]
126 verbose reify failed optional dependency D:\portfolio-web\portfolio-management-system\portfolio-management-system\node_modules\@oxc-parser\binding-darwin-x64
127 silly reify mark deleted [
127 silly reify   'D:\\portfolio-web\\portfolio-management-system\\portfolio-management-system\\node_modules\\@oxc-parser\\binding-darwin-x64'
127 silly reify ]
128 verbose reify failed optional dependency D:\portfolio-web\portfolio-management-system\portfolio-management-system\node_modules\@oxc-parser\binding-darwin-arm64
129 silly reify mark deleted [
129 silly reify   'D:\\portfolio-web\\portfolio-management-system\\portfolio-management-system\\node_modules\\@oxc-parser\\binding-darwin-arm64'
129 silly reify ]
130 verbose reify failed optional dependency D:\portfolio-web\portfolio-management-system\portfolio-management-system\node_modules\@oxc-parser\binding-android-arm64
131 silly reify mark deleted [
131 silly reify   'D:\\portfolio-web\\portfolio-management-system\\portfolio-management-system\\node_modules\\@oxc-parser\\binding-android-arm64'
131 silly reify ]
132 verbose reify failed optional dependency D:\portfolio-web\portfolio-management-system\portfolio-management-system\node_modules\@oxc-parser\binding-android-arm-eabi
133 silly reify mark deleted [
133 silly reify   'D:\\portfolio-web\\portfolio-management-system\\portfolio-management-system\\node_modules\\@oxc-parser\\binding-android-arm-eabi'
133 silly reify ]
134 verbose reify failed optional dependency D:\portfolio-web\portfolio-management-system\portfolio-management-system\node_modules\@esbuild\win32-ia32
135 silly reify mark deleted [
135 silly reify   'D:\\portfolio-web\\portfolio-management-system\\portfolio-management-system\\node_modules\\@esbuild\\win32-ia32'
135 silly reify ]
136 verbose reify failed optional dependency D:\portfolio-web\portfolio-management-system\portfolio-management-system\node_modules\@esbuild\win32-arm64
137 silly reify mark deleted [
137 silly reify   'D:\\portfolio-web\\portfolio-management-system\\portfolio-management-system\\node_modules\\@esbuild\\win32-arm64'
137 silly reify ]
138 verbose reify failed optional dependency D:\portfolio-web\portfolio-management-system\portfolio-management-system\node_modules\@esbuild\sunos-x64
139 silly reify mark deleted [
139 silly reify   'D:\\portfolio-web\\portfolio-management-system\\portfolio-management-system\\node_modules\\@esbuild\\sunos-x64'
139 silly reify ]
140 verbose reify failed optional dependency D:\portfolio-web\portfolio-management-system\portfolio-management-system\node_modules\@esbuild\openharmony-arm64
141 silly reify mark deleted [
141 silly reify   'D:\\portfolio-web\\portfolio-management-system\\portfolio-management-system\\node_modules\\@esbuild\\openharmony-arm64'
141 silly reify ]
142 verbose reify failed optional dependency D:\portfolio-web\portfolio-management-system\portfolio-management-system\node_modules\@esbuild\openbsd-x64
143 silly reify mark deleted [
143 silly reify   'D:\\portfolio-web\\portfolio-management-system\\portfolio-management-system\\node_modules\\@esbuild\\openbsd-x64'
143 silly reify ]
144 verbose reify failed optional dependency D:\portfolio-web\portfolio-management-system\portfolio-management-system\node_modules\@esbuild\openbsd-arm64
145 silly reify mark deleted [
145 silly reify   'D:\\portfolio-web\\portfolio-management-system\\portfolio-management-system\\node_modules\\@esbuild\\openbsd-arm64'
145 silly reify ]
146 verbose reify failed optional dependency D:\portfolio-web\portfolio-management-system\portfolio-management-system\node_modules\@esbuild\netbsd-x64
147 silly reify mark deleted [
147 silly reify   'D:\\portfolio-web\\portfolio-management-system\\portfolio-management-system\\node_modules\\@esbuild\\netbsd-x64'
147 silly reify ]
148 verbose reify failed optional dependency D:\portfolio-web\portfolio-management-system\portfolio-management-system\node_modules\@esbuild\netbsd-arm64
149 silly reify mark deleted [
149 silly reify   'D:\\portfolio-web\\portfolio-management-system\\portfolio-management-system\\node_modules\\@esbuild\\netbsd-arm64'
149 silly reify ]
150 verbose reify failed optional dependency D:\portfolio-web\portfolio-management-system\portfolio-management-system\node_modules\@esbuild\linux-x64
151 silly reify mark deleted [
151 silly reify   'D:\\portfolio-web\\portfolio-management-system\\portfolio-management-system\\node_modules\\@esbuild\\linux-x64'
151 silly reify ]
152 verbose reify failed optional dependency D:\portfolio-web\portfolio-management-system\portfolio-management-system\node_modules\@esbuild\linux-s390x
153 silly reify mark deleted [
153 silly reify   'D:\\portfolio-web\\portfolio-management-system\\portfolio-management-system\\node_modules\\@esbuild\\linux-s390x'
153 silly reify ]
154 verbose reify failed optional dependency D:\portfolio-web\portfolio-management-system\portfolio-management-system\node_modules\@esbuild\linux-riscv64
155 silly reify mark deleted [
155 silly reify   'D:\\portfolio-web\\portfolio-management-system\\portfolio-management-system\\node_modules\\@esbuild\\linux-riscv64'
155 silly reify ]
156 verbose reify failed optional dependency D:\portfolio-web\portfolio-management-system\portfolio-management-system\node_modules\@esbuild\linux-ppc64
157 silly reify mark deleted [
157 silly reify   'D:\\portfolio-web\\portfolio-management-system\\portfolio-management-system\\node_modules\\@esbuild\\linux-ppc64'
157 silly reify ]
158 verbose reify failed optional dependency D:\portfolio-web\portfolio-management-system\portfolio-management-system\node_modules\@esbuild\linux-mips64el
159 silly reify mark deleted [
159 silly reify   'D:\\portfolio-web\\portfolio-management-system\\portfolio-management-system\\node_modules\\@esbuild\\linux-mips64el'
159 silly reify ]
160 verbose reify failed optional dependency D:\portfolio-web\portfolio-management-system\portfolio-management-system\node_modules\@esbuild\linux-loong64
161 silly reify mark deleted [
161 silly reify   'D:\\portfolio-web\\portfolio-management-system\\portfolio-management-system\\node_modules\\@esbuild\\linux-loong64'
161 silly reify ]
162 verbose reify failed optional dependency D:\portfolio-web\portfolio-management-system\portfolio-management-system\node_modules\@esbuild\linux-ia32
163 silly reify mark deleted [
163 silly reify   'D:\\portfolio-web\\portfolio-management-system\\portfolio-management-system\\node_modules\\@esbuild\\linux-ia32'
163 silly reify ]
164 verbose reify failed optional dependency D:\portfolio-web\portfolio-management-system\portfolio-management-system\node_modules\@esbuild\linux-arm64
165 silly reify mark deleted [
165 silly reify   'D:\\portfolio-web\\portfolio-management-system\\portfolio-management-system\\node_modules\\@esbuild\\linux-arm64'
165 silly reify ]
166 verbose reify failed optional dependency D:\portfolio-web\portfolio-management-system\portfolio-management-system\node_modules\@esbuild\linux-arm
167 silly reify mark deleted [
167 silly reify   'D:\\portfolio-web\\portfolio-management-system\\portfolio-management-system\\node_modules\\@esbuild\\linux-arm'
167 silly reify ]
168 verbose reify failed optional dependency D:\portfolio-web\portfolio-management-system\portfolio-management-system\node_modules\@esbuild\freebsd-x64
169 silly reify mark deleted [
169 silly reify   'D:\\portfolio-web\\portfolio-management-system\\portfolio-management-system\\node_modules\\@esbuild\\freebsd-x64'
169 silly reify ]
170 verbose reify failed optional dependency D:\portfolio-web\portfolio-management-system\portfolio-management-system\node_modules\@esbuild\freebsd-arm64
171 silly reify mark deleted [
171 silly reify   'D:\\portfolio-web\\portfolio-management-system\\portfolio-management-system\\node_modules\\@esbuild\\freebsd-arm64'
171 silly reify ]
172 verbose reify failed optional dependency D:\portfolio-web\portfolio-management-system\portfolio-management-system\node_modules\@esbuild\darwin-x64
173 silly reify mark deleted [
173 silly reify   'D:\\portfolio-web\\portfolio-management-system\\portfolio-management-system\\node_modules\\@esbuild\\darwin-x64'
173 silly reify ]
174 verbose reify failed optional dependency D:\portfolio-web\portfolio-management-system\portfolio-management-system\node_modules\@esbuild\darwin-arm64
175 silly reify mark deleted [
175 silly reify   'D:\\portfolio-web\\portfolio-management-system\\portfolio-management-system\\node_modules\\@esbuild\\darwin-arm64'
175 silly reify ]
176 verbose reify failed optional dependency D:\portfolio-web\portfolio-management-system\portfolio-management-system\node_modules\@esbuild\android-x64
177 silly reify mark deleted [
177 silly reify   'D:\\portfolio-web\\portfolio-management-system\\portfolio-management-system\\node_modules\\@esbuild\\android-x64'
177 silly reify ]
178 verbose reify failed optional dependency D:\portfolio-web\portfolio-management-system\portfolio-management-system\node_modules\@esbuild\android-arm64
179 silly reify mark deleted [
179 silly reify   'D:\\portfolio-web\\portfolio-management-system\\portfolio-management-system\\node_modules\\@esbuild\\android-arm64'
179 silly reify ]
180 verbose reify failed optional dependency D:\portfolio-web\portfolio-management-system\portfolio-management-system\node_modules\@esbuild\android-arm
181 silly reify mark deleted [
181 silly reify   'D:\\portfolio-web\\portfolio-management-system\\portfolio-management-system\\node_modules\\@esbuild\\android-arm'
181 silly reify ]
182 verbose reify failed optional dependency D:\portfolio-web\portfolio-management-system\portfolio-management-system\node_modules\@esbuild\aix-ppc64
183 silly reify mark deleted [
183 silly reify   'D:\\portfolio-web\\portfolio-management-system\\portfolio-management-system\\node_modules\\@esbuild\\aix-ppc64'
183 silly reify ]
184 verbose reify failed optional dependency D:\portfolio-web\portfolio-management-system\portfolio-management-system\node_modules\@esbuild-kit\core-utils\node_modules\@esbuild\win32-ia32
185 silly reify mark deleted [
185 silly reify   'D:\\portfolio-web\\portfolio-management-system\\portfolio-management-system\\node_modules\\@esbuild-kit\\core-utils\\node_modules\\@esbuild\\win32-ia32'
185 silly reify ]
186 verbose reify failed optional dependency D:\portfolio-web\portfolio-management-system\portfolio-management-system\node_modules\@esbuild-kit\core-utils\node_modules\@esbuild\win32-arm64
187 silly reify mark deleted [
187 silly reify   'D:\\portfolio-web\\portfolio-management-system\\portfolio-management-system\\node_modules\\@esbuild-kit\\core-utils\\node_modules\\@esbuild\\win32-arm64'
187 silly reify ]
188 verbose reify failed optional dependency D:\portfolio-web\portfolio-management-system\portfolio-management-system\node_modules\@esbuild-kit\core-utils\node_modules\@esbuild\sunos-x64
189 silly reify mark deleted [
189 silly reify   'D:\\portfolio-web\\portfolio-management-system\\portfolio-management-system\\node_modules\\@esbuild-kit\\core-utils\\node_modules\\@esbuild\\sunos-x64'
189 silly reify ]
190 verbose reify failed optional dependency D:\portfolio-web\portfolio-management-system\portfolio-management-system\node_modules\@esbuild-kit\core-utils\node_modules\@esbuild\openbsd-x64
191 silly reify mark deleted [
191 silly reify   'D:\\portfolio-web\\portfolio-management-system\\portfolio-management-system\\node_modules\\@esbuild-kit\\core-utils\\node_modules\\@esbuild\\openbsd-x64'
191 silly reify ]
192 verbose reify failed optional dependency D:\portfolio-web\portfolio-management-system\portfolio-management-system\node_modules\@esbuild-kit\core-utils\node_modules\@esbuild\netbsd-x64
193 silly reify mark deleted [
193 silly reify   'D:\\portfolio-web\\portfolio-management-system\\portfolio-management-system\\node_modules\\@esbuild-kit\\core-utils\\node_modules\\@esbuild\\netbsd-x64'
193 silly reify ]
194 verbose reify failed optional dependency D:\portfolio-web\portfolio-management-system\portfolio-management-system\node_modules\@esbuild-kit\core-utils\node_modules\@esbuild\linux-x64
195 silly reify mark deleted [
195 silly reify   'D:\\portfolio-web\\portfolio-management-system\\portfolio-management-system\\node_modules\\@esbuild-kit\\core-utils\\node_modules\\@esbuild\\linux-x64'
195 silly reify ]
196 verbose reify failed optional dependency D:\portfolio-web\portfolio-management-system\portfolio-management-system\node_modules\@esbuild-kit\core-utils\node_modules\@esbuild\linux-s390x
197 silly reify mark deleted [
197 silly reify   'D:\\portfolio-web\\portfolio-management-system\\portfolio-management-system\\node_modules\\@esbuild-kit\\core-utils\\node_modules\\@esbuild\\linux-s390x'
197 silly reify ]
198 verbose reify failed optional dependency D:\portfolio-web\portfolio-management-system\portfolio-management-system\node_modules\@esbuild-kit\core-utils\node_modules\@esbuild\linux-riscv64
199 silly reify mark deleted [
199 silly reify   'D:\\portfolio-web\\portfolio-management-system\\portfolio-management-system\\node_modules\\@esbuild-kit\\core-utils\\node_modules\\@esbuild\\linux-riscv64'
199 silly reify ]
200 verbose reify failed optional dependency D:\portfolio-web\portfolio-management-system\portfolio-management-system\node_modules\@esbuild-kit\core-utils\node_modules\@esbuild\linux-ppc64
201 silly reify mark deleted [
201 silly reify   'D:\\portfolio-web\\portfolio-management-system\\portfolio-management-system\\node_modules\\@esbuild-kit\\core-utils\\node_modules\\@esbuild\\linux-ppc64'
201 silly reify ]
202 verbose reify failed optional dependency D:\portfolio-web\portfolio-management-system\portfolio-management-system\node_modules\@esbuild-kit\core-utils\node_modules\@esbuild\linux-mips64el
203 silly reify mark deleted [
203 silly reify   'D:\\portfolio-web\\portfolio-management-system\\portfolio-management-system\\node_modules\\@esbuild-kit\\core-utils\\node_modules\\@esbuild\\linux-mips64el'
203 silly reify ]
204 verbose reify failed optional dependency D:\portfolio-web\portfolio-management-system\portfolio-management-system\node_modules\@esbuild-kit\core-utils\node_modules\@esbuild\linux-loong64
205 silly reify mark deleted [
205 silly reify   'D:\\portfolio-web\\portfolio-management-system\\portfolio-management-system\\node_modules\\@esbuild-kit\\core-utils\\node_modules\\@esbuild\\linux-loong64'
205 silly reify ]
206 verbose reify failed optional dependency D:\portfolio-web\portfolio-management-system\portfolio-management-system\node_modules\@esbuild-kit\core-utils\node_modules\@esbuild\linux-ia32
207 silly reify mark deleted [
207 silly reify   'D:\\portfolio-web\\portfolio-management-system\\portfolio-management-system\\node_modules\\@esbuild-kit\\core-utils\\node_modules\\@esbuild\\linux-ia32'
207 silly reify ]
208 verbose reify failed optional dependency D:\portfolio-web\portfolio-management-system\portfolio-management-system\node_modules\@esbuild-kit\core-utils\node_modules\@esbuild\linux-arm64
209 silly reify mark deleted [
209 silly reify   'D:\\portfolio-web\\portfolio-management-system\\portfolio-management-system\\node_modules\\@esbuild-kit\\core-utils\\node_modules\\@esbuild\\linux-arm64'
209 silly reify ]
210 verbose reify failed optional dependency D:\portfolio-web\portfolio-management-system\portfolio-management-system\node_modules\@esbuild-kit\core-utils\node_modules\@esbuild\linux-arm
211 silly reify mark deleted [
211 silly reify   'D:\\portfolio-web\\portfolio-management-system\\portfolio-management-system\\node_modules\\@esbuild-kit\\core-utils\\node_modules\\@esbuild\\linux-arm'
211 silly reify ]
212 verbose reify failed optional dependency D:\portfolio-web\portfolio-management-system\portfolio-management-system\node_modules\@esbuild-kit\core-utils\node_modules\@esbuild\freebsd-x64
213 silly reify mark deleted [
213 silly reify   'D:\\portfolio-web\\portfolio-management-system\\portfolio-management-system\\node_modules\\@esbuild-kit\\core-utils\\node_modules\\@esbuild\\freebsd-x64'
213 silly reify ]
214 verbose reify failed optional dependency D:\portfolio-web\portfolio-management-system\portfolio-management-system\node_modules\@esbuild-kit\core-utils\node_modules\@esbuild\freebsd-arm64
215 silly reify mark deleted [
215 silly reify   'D:\\portfolio-web\\portfolio-management-system\\portfolio-management-system\\node_modules\\@esbuild-kit\\core-utils\\node_modules\\@esbuild\\freebsd-arm64'
215 silly reify ]
216 verbose reify failed optional dependency D:\portfolio-web\portfolio-management-system\portfolio-management-system\node_modules\@esbuild-kit\core-utils\node_modules\@esbuild\darwin-x64
217 silly reify mark deleted [
217 silly reify   'D:\\portfolio-web\\portfolio-management-system\\portfolio-management-system\\node_modules\\@esbuild-kit\\core-utils\\node_modules\\@esbuild\\darwin-x64'
217 silly reify ]
218 verbose reify failed optional dependency D:\portfolio-web\portfolio-management-system\portfolio-management-system\node_modules\@esbuild-kit\core-utils\node_modules\@esbuild\darwin-arm64
219 silly reify mark deleted [
219 silly reify   'D:\\portfolio-web\\portfolio-management-system\\portfolio-management-system\\node_modules\\@esbuild-kit\\core-utils\\node_modules\\@esbuild\\darwin-arm64'
219 silly reify ]
220 verbose reify failed optional dependency D:\portfolio-web\portfolio-management-system\portfolio-management-system\node_modules\@esbuild-kit\core-utils\node_modules\@esbuild\android-x64
221 silly reify mark deleted [
221 silly reify   'D:\\portfolio-web\\portfolio-management-system\\portfolio-management-system\\node_modules\\@esbuild-kit\\core-utils\\node_modules\\@esbuild\\android-x64'
221 silly reify ]
222 verbose reify failed optional dependency D:\portfolio-web\portfolio-management-system\portfolio-management-system\node_modules\@esbuild-kit\core-utils\node_modules\@esbuild\android-arm64
223 silly reify mark deleted [
223 silly reify   'D:\\portfolio-web\\portfolio-management-system\\portfolio-management-system\\node_modules\\@esbuild-kit\\core-utils\\node_modules\\@esbuild\\android-arm64'
223 silly reify ]
224 verbose reify failed optional dependency D:\portfolio-web\portfolio-management-system\portfolio-management-system\node_modules\@esbuild-kit\core-utils\node_modules\@esbuild\android-arm
225 silly reify mark deleted [
225 silly reify   'D:\\portfolio-web\\portfolio-management-system\\portfolio-management-system\\node_modules\\@esbuild-kit\\core-utils\\node_modules\\@esbuild\\android-arm'
225 silly reify ]
226 verbose reify failed optional dependency D:\portfolio-web\portfolio-management-system\portfolio-management-system\node_modules\vite\node_modules\@rolldown\binding-win32-arm64-msvc
227 silly reify mark deleted [
227 silly reify   'D:\\portfolio-web\\portfolio-management-system\\portfolio-management-system\\node_modules\\vite\\node_modules\\@rolldown\\binding-win32-arm64-msvc'
227 silly reify ]
228 verbose reify failed optional dependency D:\portfolio-web\portfolio-management-system\portfolio-management-system\node_modules\vite\node_modules\@rolldown\binding-wasm32-wasi
229 silly reify mark deleted [
229 silly reify   'D:\\portfolio-web\\portfolio-management-system\\portfolio-management-system\\node_modules\\vite\\node_modules\\@rolldown\\binding-wasm32-wasi'
229 silly reify ]
230 verbose reify failed optional dependency D:\portfolio-web\portfolio-management-system\portfolio-management-system\node_modules\vite\node_modules\@emnapi\core
231 silly reify mark deleted [
231 silly reify   'D:\\portfolio-web\\portfolio-management-system\\portfolio-management-system\\node_modules\\vite\\node_modules\\@emnapi\\core'
231 silly reify ]
232 verbose reify failed optional dependency D:\portfolio-web\portfolio-management-system\portfolio-management-system\node_modules\vite\node_modules\@emnapi\runtime
233 silly reify mark deleted [
233 silly reify   'D:\\portfolio-web\\portfolio-management-system\\portfolio-management-system\\node_modules\\vite\\node_modules\\@emnapi\\runtime'
233 silly reify ]
234 verbose reify failed optional dependency D:\portfolio-web\portfolio-management-system\portfolio-management-system\node_modules\vite\node_modules\@emnapi\wasi-threads
235 silly reify mark deleted [
235 silly reify   'D:\\portfolio-web\\portfolio-management-system\\portfolio-management-system\\node_modules\\vite\\node_modules\\@emnapi\\wasi-threads'
235 silly reify ]
236 verbose reify failed optional dependency D:\portfolio-web\portfolio-management-system\portfolio-management-system\node_modules\vite\node_modules\@rolldown\binding-openharmony-arm64
237 silly reify mark deleted [
237 silly reify   'D:\\portfolio-web\\portfolio-management-system\\portfolio-management-system\\node_modules\\vite\\node_modules\\@rolldown\\binding-openharmony-arm64'
237 silly reify ]
238 verbose reify failed optional dependency D:\portfolio-web\portfolio-management-system\portfolio-management-system\node_modules\vite\node_modules\@rolldown\binding-linux-x64-musl
239 silly reify mark deleted [
239 silly reify   'D:\\portfolio-web\\portfolio-management-system\\portfolio-management-system\\node_modules\\vite\\node_modules\\@rolldown\\binding-linux-x64-musl'
239 silly reify ]
240 verbose reify failed optional dependency D:\portfolio-web\portfolio-management-system\portfolio-management-system\node_modules\vite\node_modules\@rolldown\binding-linux-x64-gnu
241 silly reify mark deleted [
241 silly reify   'D:\\portfolio-web\\portfolio-management-system\\portfolio-management-system\\node_modules\\vite\\node_modules\\@rolldown\\binding-linux-x64-gnu'
241 silly reify ]
242 verbose reify failed optional dependency D:\portfolio-web\portfolio-management-system\portfolio-management-system\node_modules\vite\node_modules\@rolldown\binding-linux-s390x-gnu
243 silly reify mark deleted [
243 silly reify   'D:\\portfolio-web\\portfolio-management-system\\portfolio-management-system\\node_modules\\vite\\node_modules\\@rolldown\\binding-linux-s390x-gnu'
243 silly reify ]
244 verbose reify failed optional dependency D:\portfolio-web\portfolio-management-system\portfolio-management-system\node_modules\vite\node_modules\@rolldown\binding-linux-ppc64-gnu
245 silly reify mark deleted [
245 silly reify   'D:\\portfolio-web\\portfolio-management-system\\portfolio-management-system\\node_modules\\vite\\node_modules\\@rolldown\\binding-linux-ppc64-gnu'
245 silly reify ]
246 verbose reify failed optional dependency D:\portfolio-web\portfolio-management-system\portfolio-management-system\node_modules\vite\node_modules\@rolldown\binding-linux-arm64-musl
247 silly reify mark deleted [
247 silly reify   'D:\\portfolio-web\\portfolio-management-system\\portfolio-management-system\\node_modules\\vite\\node_modules\\@rolldown\\binding-linux-arm64-musl'
247 silly reify ]
248 verbose reify failed optional dependency D:\portfolio-web\portfolio-management-system\portfolio-management-system\node_modules\vite\node_modules\@rolldown\binding-linux-arm64-gnu
249 silly reify mark deleted [
249 silly reify   'D:\\portfolio-web\\portfolio-management-system\\portfolio-management-system\\node_modules\\vite\\node_modules\\@rolldown\\binding-linux-arm64-gnu'
249 silly reify ]
250 verbose reify failed optional dependency D:\portfolio-web\portfolio-management-system\portfolio-management-system\node_modules\vite\node_modules\@rolldown\binding-linux-arm-gnueabihf
251 silly reify mark deleted [
251 silly reify   'D:\\portfolio-web\\portfolio-management-system\\portfolio-management-system\\node_modules\\vite\\node_modules\\@rolldown\\binding-linux-arm-gnueabihf'
251 silly reify ]
252 verbose reify failed optional dependency D:\portfolio-web\portfolio-management-system\portfolio-management-system\node_modules\vite\node_modules\@rolldown\binding-freebsd-x64
253 silly reify mark deleted [
253 silly reify   'D:\\portfolio-web\\portfolio-management-system\\portfolio-management-system\\node_modules\\vite\\node_modules\\@rolldown\\binding-freebsd-x64'
253 silly reify ]
254 verbose reify failed optional dependency D:\portfolio-web\portfolio-management-system\portfolio-management-system\node_modules\vite\node_modules\@rolldown\binding-darwin-x64
255 silly reify mark deleted [
255 silly reify   'D:\\portfolio-web\\portfolio-management-system\\portfolio-management-system\\node_modules\\vite\\node_modules\\@rolldown\\binding-darwin-x64'
255 silly reify ]
256 verbose reify failed optional dependency D:\portfolio-web\portfolio-management-system\portfolio-management-system\node_modules\vite\node_modules\@rolldown\binding-darwin-arm64
257 silly reify mark deleted [
257 silly reify   'D:\\portfolio-web\\portfolio-management-system\\portfolio-management-system\\node_modules\\vite\\node_modules\\@rolldown\\binding-darwin-arm64'
257 silly reify ]
258 verbose reify failed optional dependency D:\portfolio-web\portfolio-management-system\portfolio-management-system\node_modules\vite\node_modules\@rolldown\binding-android-arm64
259 silly reify mark deleted [
259 silly reify   'D:\\portfolio-web\\portfolio-management-system\\portfolio-management-system\\node_modules\\vite\\node_modules\\@rolldown\\binding-android-arm64'
259 silly reify ]
260 verbose reify failed optional dependency D:\portfolio-web\portfolio-management-system\portfolio-management-system\node_modules\drizzle-kit\node_modules\@esbuild\win32-ia32
261 silly reify mark deleted [
261 silly reify   'D:\\portfolio-web\\portfolio-management-system\\portfolio-management-system\\node_modules\\drizzle-kit\\node_modules\\@esbuild\\win32-ia32'
261 silly reify ]
262 verbose reify failed optional dependency D:\portfolio-web\portfolio-management-system\portfolio-management-system\node_modules\drizzle-kit\node_modules\@esbuild\win32-arm64
263 silly reify mark deleted [
263 silly reify   'D:\\portfolio-web\\portfolio-management-system\\portfolio-management-system\\node_modules\\drizzle-kit\\node_modules\\@esbuild\\win32-arm64'
263 silly reify ]
264 verbose reify failed optional dependency D:\portfolio-web\portfolio-management-system\portfolio-management-system\node_modules\drizzle-kit\node_modules\@esbuild\sunos-x64
265 silly reify mark deleted [
265 silly reify   'D:\\portfolio-web\\portfolio-management-system\\portfolio-management-system\\node_modules\\drizzle-kit\\node_modules\\@esbuild\\sunos-x64'
265 silly reify ]
266 verbose reify failed optional dependency D:\portfolio-web\portfolio-management-system\portfolio-management-system\node_modules\drizzle-kit\node_modules\@esbuild\openharmony-arm64
267 silly reify mark deleted [
267 silly reify   'D:\\portfolio-web\\portfolio-management-system\\portfolio-management-system\\node_modules\\drizzle-kit\\node_modules\\@esbuild\\openharmony-arm64'
267 silly reify ]
268 verbose reify failed optional dependency D:\portfolio-web\portfolio-management-system\portfolio-management-system\node_modules\drizzle-kit\node_modules\@esbuild\openbsd-x64
269 silly reify mark deleted [
269 silly reify   'D:\\portfolio-web\\portfolio-management-system\\portfolio-management-system\\node_modules\\drizzle-kit\\node_modules\\@esbuild\\openbsd-x64'
269 silly reify ]
270 verbose reify failed optional dependency D:\portfolio-web\portfolio-management-system\portfolio-management-system\node_modules\drizzle-kit\node_modules\@esbuild\openbsd-arm64
271 silly reify mark deleted [
271 silly reify   'D:\\portfolio-web\\portfolio-management-system\\portfolio-management-system\\node_modules\\drizzle-kit\\node_modules\\@esbuild\\openbsd-arm64'
271 silly reify ]
272 verbose reify failed optional dependency D:\portfolio-web\portfolio-management-system\portfolio-management-system\node_modules\drizzle-kit\node_modules\@esbuild\netbsd-x64
273 silly reify mark deleted [
273 silly reify   'D:\\portfolio-web\\portfolio-management-system\\portfolio-management-system\\node_modules\\drizzle-kit\\node_modules\\@esbuild\\netbsd-x64'
273 silly reify ]
274 verbose reify failed optional dependency D:\portfolio-web\portfolio-management-system\portfolio-management-system\node_modules\drizzle-kit\node_modules\@esbuild\netbsd-arm64
275 silly reify mark deleted [
275 silly reify   'D:\\portfolio-web\\portfolio-management-system\\portfolio-management-system\\node_modules\\drizzle-kit\\node_modules\\@esbuild\\netbsd-arm64'
275 silly reify ]
276 verbose reify failed optional dependency D:\portfolio-web\portfolio-management-system\portfolio-management-system\node_modules\drizzle-kit\node_modules\@esbuild\linux-x64
277 silly reify mark deleted [
277 silly reify   'D:\\portfolio-web\\portfolio-management-system\\portfolio-management-system\\node_modules\\drizzle-kit\\node_modules\\@esbuild\\linux-x64'
277 silly reify ]
278 verbose reify failed optional dependency D:\portfolio-web\portfolio-management-system\portfolio-management-system\node_modules\drizzle-kit\node_modules\@esbuild\linux-s390x
279 silly reify mark deleted [
279 silly reify   'D:\\portfolio-web\\portfolio-management-system\\portfolio-management-system\\node_modules\\drizzle-kit\\node_modules\\@esbuild\\linux-s390x'
279 silly reify ]
280 verbose reify failed optional dependency D:\portfolio-web\portfolio-management-system\portfolio-management-system\node_modules\drizzle-kit\node_modules\@esbuild\linux-riscv64
281 silly reify mark deleted [
281 silly reify   'D:\\portfolio-web\\portfolio-management-system\\portfolio-management-system\\node_modules\\drizzle-kit\\node_modules\\@esbuild\\linux-riscv64'
281 silly reify ]
282 verbose reify failed optional dependency D:\portfolio-web\portfolio-management-system\portfolio-management-system\node_modules\drizzle-kit\node_modules\@esbuild\linux-ppc64
283 silly reify mark deleted [
283 silly reify   'D:\\portfolio-web\\portfolio-management-system\\portfolio-management-system\\node_modules\\drizzle-kit\\node_modules\\@esbuild\\linux-ppc64'
283 silly reify ]
284 verbose reify failed optional dependency D:\portfolio-web\portfolio-management-system\portfolio-management-system\node_modules\drizzle-kit\node_modules\@esbuild\linux-mips64el
285 silly reify mark deleted [
285 silly reify   'D:\\portfolio-web\\portfolio-management-system\\portfolio-management-system\\node_modules\\drizzle-kit\\node_modules\\@esbuild\\linux-mips64el'
285 silly reify ]
286 verbose reify failed optional dependency D:\portfolio-web\portfolio-management-system\portfolio-management-system\node_modules\drizzle-kit\node_modules\@esbuild\linux-loong64
287 silly reify mark deleted [
287 silly reify   'D:\\portfolio-web\\portfolio-management-system\\portfolio-management-system\\node_modules\\drizzle-kit\\node_modules\\@esbuild\\linux-loong64'
287 silly reify ]
288 verbose reify failed optional dependency D:\portfolio-web\portfolio-management-system\portfolio-management-system\node_modules\drizzle-kit\node_modules\@esbuild\linux-ia32
289 silly reify mark deleted [
289 silly reify   'D:\\portfolio-web\\portfolio-management-system\\portfolio-management-system\\node_modules\\drizzle-kit\\node_modules\\@esbuild\\linux-ia32'
289 silly reify ]
290 verbose reify failed optional dependency D:\portfolio-web\portfolio-management-system\portfolio-management-system\node_modules\drizzle-kit\node_modules\@esbuild\linux-arm64
291 silly reify mark deleted [
291 silly reify   'D:\\portfolio-web\\portfolio-management-system\\portfolio-management-system\\node_modules\\drizzle-kit\\node_modules\\@esbuild\\linux-arm64'
291 silly reify ]
292 verbose reify failed optional dependency D:\portfolio-web\portfolio-management-system\portfolio-management-system\node_modules\drizzle-kit\node_modules\@esbuild\linux-arm
293 silly reify mark deleted [
293 silly reify   'D:\\portfolio-web\\portfolio-management-system\\portfolio-management-system\\node_modules\\drizzle-kit\\node_modules\\@esbuild\\linux-arm'
293 silly reify ]
294 verbose reify failed optional dependency D:\portfolio-web\portfolio-management-system\portfolio-management-system\node_modules\drizzle-kit\node_modules\@esbuild\freebsd-x64
295 silly reify mark deleted [
295 silly reify   'D:\\portfolio-web\\portfolio-management-system\\portfolio-management-system\\node_modules\\drizzle-kit\\node_modules\\@esbuild\\freebsd-x64'
295 silly reify ]
296 verbose reify failed optional dependency D:\portfolio-web\portfolio-management-system\portfolio-management-system\node_modules\drizzle-kit\node_modules\@esbuild\freebsd-arm64
297 silly reify mark deleted [
297 silly reify   'D:\\portfolio-web\\portfolio-management-system\\portfolio-management-system\\node_modules\\drizzle-kit\\node_modules\\@esbuild\\freebsd-arm64'
297 silly reify ]
298 verbose reify failed optional dependency D:\portfolio-web\portfolio-management-system\portfolio-management-system\node_modules\drizzle-kit\node_modules\@esbuild\darwin-x64
299 silly reify mark deleted [
299 silly reify   'D:\\portfolio-web\\portfolio-management-system\\portfolio-management-system\\node_modules\\drizzle-kit\\node_modules\\@esbuild\\darwin-x64'
299 silly reify ]
300 verbose reify failed optional dependency D:\portfolio-web\portfolio-management-system\portfolio-management-system\node_modules\drizzle-kit\node_modules\@esbuild\darwin-arm64
301 silly reify mark deleted [
301 silly reify   'D:\\portfolio-web\\portfolio-management-system\\portfolio-management-system\\node_modules\\drizzle-kit\\node_modules\\@esbuild\\darwin-arm64'
301 silly reify ]
302 verbose reify failed optional dependency D:\portfolio-web\portfolio-management-system\portfolio-management-system\node_modules\drizzle-kit\node_modules\@esbuild\android-x64
303 silly reify mark deleted [
303 silly reify   'D:\\portfolio-web\\portfolio-management-system\\portfolio-management-system\\node_modules\\drizzle-kit\\node_modules\\@esbuild\\android-x64'
303 silly reify ]
304 verbose reify failed optional dependency D:\portfolio-web\portfolio-management-system\portfolio-management-system\node_modules\drizzle-kit\node_modules\@esbuild\android-arm64
305 silly reify mark deleted [
305 silly reify   'D:\\portfolio-web\\portfolio-management-system\\portfolio-management-system\\node_modules\\drizzle-kit\\node_modules\\@esbuild\\android-arm64'
305 silly reify ]
306 verbose reify failed optional dependency D:\portfolio-web\portfolio-management-system\portfolio-management-system\node_modules\drizzle-kit\node_modules\@esbuild\android-arm
307 silly reify mark deleted [
307 silly reify   'D:\\portfolio-web\\portfolio-management-system\\portfolio-management-system\\node_modules\\drizzle-kit\\node_modules\\@esbuild\\android-arm'
307 silly reify ]
308 verbose reify failed optional dependency D:\portfolio-web\portfolio-management-system\portfolio-management-system\node_modules\drizzle-kit\node_modules\@esbuild\aix-ppc64
309 silly reify mark deleted [
309 silly reify   'D:\\portfolio-web\\portfolio-management-system\\portfolio-management-system\\node_modules\\drizzle-kit\\node_modules\\@esbuild\\aix-ppc64'
309 silly reify ]
310 http cache @emnapi/wasi-threads@https://registry.npmjs.org/@emnapi/wasi-threads/-/wasi-threads-1.2.1.tgz 1ms (cache hit)
311 http cache @emnapi/wasi-threads@https://registry.npmjs.org/@emnapi/wasi-threads/-/wasi-threads-1.2.1.tgz 0ms (cache hit)
312 http cache @emnapi/core@https://registry.npmjs.org/@emnapi/core/-/core-1.10.0.tgz 0ms (cache hit)
313 http cache @emnapi/runtime@https://registry.npmjs.org/@emnapi/runtime/-/runtime-1.10.0.tgz 0ms (cache hit)
314 http cache @emnapi/runtime@https://registry.npmjs.org/@emnapi/runtime/-/runtime-1.10.0.tgz 0ms (cache hit)
315 http cache @emnapi/core@https://registry.npmjs.org/@emnapi/core/-/core-1.10.0.tgz 0ms (cache hit)
316 http fetch POST 200 https://registry.npmjs.org/-/npm/v1/security/advisories/bulk 633ms
317 silly audit report {
317 silly audit report   esbuild: [
317 silly audit report     {
317 silly audit report       id: 1102341,
317 silly audit report       url: 'https://github.com/advisories/GHSA-67mh-4wv8-2f99',
317 silly audit report       title: 'esbuild enables any website to send any requests to the development server and read the response',
317 silly audit report       severity: 'moderate',
317 silly audit report       vulnerable_versions: '<=0.24.2',
317 silly audit report       cwe: [Array],
317 silly audit report       cvss: [Object]
317 silly audit report     }
317 silly audit report   ]
317 silly audit report }
318 silly packumentCache corgi:https://registry.npmjs.org/esbuild cache-miss
319 http fetch GET 200 https://registry.npmjs.org/esbuild 213ms (cache revalidated)
320 silly packumentCache corgi:https://registry.npmjs.org/esbuild set size:885757 disposed:false
321 silly packumentCache corgi:https://registry.npmjs.org/@esbuild-kit%2fcore-utils cache-miss
322 http fetch GET 200 https://registry.npmjs.org/@esbuild-kit%2fcore-utils 232ms (cache revalidated)
323 silly packumentCache corgi:https://registry.npmjs.org/@esbuild-kit%2fcore-utils set size:50014 disposed:false
324 silly packumentCache corgi:https://registry.npmjs.org/@esbuild-kit%2fesm-loader cache-miss
325 http fetch GET 200 https://registry.npmjs.org/@esbuild-kit%2fesm-loader 1033ms (cache revalidated)
326 silly packumentCache corgi:https://registry.npmjs.org/@esbuild-kit%2fesm-loader set size:48202 disposed:false
327 silly packumentCache corgi:https://registry.npmjs.org/drizzle-kit cache-miss
328 http cache https://registry.npmjs.org/drizzle-kit 42ms (cache hit)
329 silly packumentCache corgi:https://registry.npmjs.org/drizzle-kit set size:2817790 disposed:false
330 silly ADD
331 silly ADD
332 silly ADD
333 silly ADD
334 silly ADD
335 silly ADD
336 silly ADD
337 silly ADD
338 silly ADD
339 silly ADD
340 silly ADD
341 silly ADD
342 silly ADD
343 silly ADD
344 silly ADD
345 silly ADD
346 silly ADD
347 silly ADD
348 silly ADD
349 silly ADD
350 silly ADD
351 silly ADD
352 silly ADD
353 silly ADD
354 silly ADD node_modules/@emnapi/wasi-threads
355 silly ADD node_modules/@emnapi/runtime
356 silly ADD node_modules/@emnapi/core
357 silly ADD
358 silly ADD
359 silly ADD
360 silly ADD
361 silly ADD
362 silly ADD
363 silly ADD
364 silly ADD
365 silly ADD
366 silly ADD
367 silly ADD
368 silly ADD
369 silly ADD
370 silly ADD
371 silly ADD
372 silly ADD
373 silly ADD
374 silly ADD
375 silly ADD
376 silly ADD
377 silly ADD
378 silly ADD
379 silly ADD
380 silly ADD
381 silly ADD
382 silly ADD
383 silly ADD
384 silly ADD
385 silly ADD
386 silly ADD
387 silly ADD
388 silly ADD
389 silly ADD
390 silly ADD
391 silly ADD
392 silly ADD
393 silly ADD
394 silly ADD
395 silly ADD
396 silly ADD
397 silly ADD
398 silly ADD
399 silly ADD
400 silly ADD
401 silly ADD
402 silly ADD
403 silly ADD
404 silly ADD
405 silly ADD
406 silly ADD
407 silly ADD
408 silly ADD
409 silly ADD
410 silly ADD
411 silly ADD
412 silly ADD
413 silly ADD
414 silly ADD
415 silly ADD
416 silly ADD
417 silly ADD
418 silly ADD
419 silly ADD
420 silly ADD
421 silly ADD
422 silly ADD
423 silly ADD
424 silly ADD
425 silly ADD
426 silly ADD
427 silly ADD
428 silly ADD
429 silly ADD
430 silly ADD
431 silly ADD
432 silly ADD
433 silly ADD
434 silly ADD
435 silly ADD
436 silly ADD
437 silly ADD
438 silly ADD
439 silly ADD
440 silly ADD
441 silly ADD
442 silly ADD
443 silly ADD
444 silly ADD
445 silly ADD
446 silly ADD
447 silly ADD
448 silly ADD
449 silly ADD
450 silly ADD
451 silly ADD
452 silly ADD
453 silly ADD
454 silly ADD
455 silly ADD
456 silly ADD
457 silly ADD
458 silly ADD
459 silly ADD
460 silly ADD
461 silly ADD
462 silly ADD
463 silly ADD
464 silly ADD
465 silly ADD
466 silly ADD
467 silly ADD
468 silly ADD
469 silly ADD
470 silly ADD
471 silly ADD
472 silly ADD
473 silly ADD
474 silly ADD
475 silly ADD
476 verbose cwd D:\portfolio-web\portfolio-management-system\portfolio-management-system
477 verbose os Windows_NT 10.0.22631
478 verbose node v22.13.1
479 verbose npm  v10.9.2
480 verbose exit 0
481 info ok
