0 verbose cli D:\Node.js\node.exe D:\Node.js\node_modules\npm\bin\npm-cli.js
1 info using npm@10.9.2
2 info using node@v22.13.1
3 silly config load:file:D:\Node.js\node_modules\npm\npmrc
4 silly config load:file:D:\portfolio-web\portfolio-management-system\portfolio-management-system\.npmrc
5 silly config load:file:C:\Users\Rhesa Tsaqif\.npmrc
6 silly config load:file:C:\Users\Rhesa Tsaqif\AppData\Roaming\npm\etc\npmrc
7 verbose title npm outdated
8 verbose argv "outdated" "--json"
9 verbose logfile logs-max:10 dir:D:\portfolio-web\portfolio-management-system\portfolio-management-system\node_cache\_logs\2026-06-09T15_06_55_760Z-
10 verbose logfile D:\portfolio-web\portfolio-management-system\portfolio-management-system\node_cache\_logs\2026-06-09T15_06_55_760Z-debug-0.log
11 silly logfile done cleaning log files
12 silly packumentCache heap:4345298944 maxSize:1086324736 maxEntrySize:543162368
13 verbose shrinkwrap failed to load node_modules/.package-lock.json out of date, updated: node_modules
14 http fetch GET 200 https://registry.npmjs.org/class-variance-authority 636ms (cache revalidated)
15 http fetch GET 200 https://registry.npmjs.org/@tanstack%2freact-query-devtools 644ms (cache revalidated)
16 http fetch GET 200 https://registry.npmjs.org/drizzle-orm 652ms (cache revalidated)
17 http fetch GET 200 https://registry.npmjs.org/@tailwindcss%2fvite 732ms (cache revalidated)
18 http fetch GET 200 https://registry.npmjs.org/@t3-oss%2fenv-core 744ms (cache revalidated)
19 http fetch GET 200 https://registry.npmjs.org/@tanstack%2freact-devtools 745ms (cache revalidated)
20 http fetch GET 200 https://registry.npmjs.org/pg 736ms (cache revalidated)
21 http fetch GET 200 https://registry.npmjs.org/lucide-react 746ms (cache revalidated)
22 http fetch GET 200 https://registry.npmjs.org/@tanstack%2freact-table 779ms (cache revalidated)
23 http fetch GET 200 https://registry.npmjs.org/clsx 826ms (cache revalidated)
24 http fetch GET 200 https://registry.npmjs.org/radix-ui 828ms (cache revalidated)
25 http fetch GET 200 https://registry.npmjs.org/nitro-nightly 841ms (cache revalidated)
26 http fetch GET 200 https://registry.npmjs.org/tailwind-merge 866ms (cache revalidated)
27 http fetch GET 200 https://registry.npmjs.org/react 905ms (cache revalidated)
28 http fetch GET 200 https://registry.npmjs.org/@tanstack%2frouter-plugin 1045ms (cache revalidated)
29 http fetch GET 200 https://registry.npmjs.org/@tailwindcss%2ftypography 1053ms (cache revalidated)
30 http fetch GET 200 https://registry.npmjs.org/@tanstack%2freact-router-ssr-query 1068ms (cache revalidated)
31 http fetch GET 200 https://registry.npmjs.org/tw-animate-css 1067ms (cache revalidated)
32 http fetch GET 200 https://registry.npmjs.org/@tanstack%2freact-router 1083ms (cache revalidated)
33 http fetch GET 200 https://registry.npmjs.org/@faker-js%2ffaker 1101ms (cache revalidated)
34 http fetch GET 200 https://registry.npmjs.org/@clerk%2fclerk-react 1118ms (cache revalidated)
35 http fetch GET 200 https://registry.npmjs.org/react-dom 1310ms (cache revalidated)
36 http fetch GET 200 https://registry.npmjs.org/@testing-library%2freact 1400ms (cache revalidated)
37 http fetch GET 200 https://registry.npmjs.org/@tanstack%2freact-router-devtools 1416ms (cache revalidated)
38 http fetch GET 200 https://registry.npmjs.org/@tanstack%2fdevtools-vite 1413ms (cache revalidated)
39 http fetch GET 200 https://registry.npmjs.org/@types%2fpg 1415ms (cache revalidated)
40 http fetch GET 200 https://registry.npmjs.org/dotenv 1415ms (cache revalidated)
41 http fetch GET 200 https://registry.npmjs.org/zustand 1420ms (cache revalidated)
42 http fetch GET 200 https://registry.npmjs.org/@tanstack%2fquery-db-collection 1438ms (cache revalidated)
43 http fetch GET 200 https://registry.npmjs.org/@types%2freact-dom 1426ms (cache revalidated)
44 http fetch GET 200 https://registry.npmjs.org/@tanstack%2freact-form 1446ms (cache revalidated)
45 http fetch GET 200 https://registry.npmjs.org/@vitejs%2fplugin-react 1438ms (cache revalidated)
46 http fetch GET 200 https://registry.npmjs.org/@tanstack%2fmatch-sorter-utils 1459ms (cache revalidated)
47 http fetch GET 200 https://registry.npmjs.org/@tanstack%2freact-query 1461ms (cache revalidated)
48 http fetch GET 200 https://registry.npmjs.org/@tanstack%2freact-start 1475ms (cache revalidated)
49 http fetch GET 200 https://registry.npmjs.org/@types%2freact 1496ms (cache revalidated)
50 http fetch GET 200 https://registry.npmjs.org/@types%2fnode 1510ms (cache revalidated)
51 http fetch GET 200 https://registry.npmjs.org/@tanstack%2frouter-cli 1559ms (cache revalidated)
52 http fetch GET 200 https://registry.npmjs.org/tsx 1563ms (cache revalidated)
53 http fetch GET 200 https://registry.npmjs.org/@testing-library%2fdom 1572ms (cache revalidated)
54 http fetch GET 200 https://registry.npmjs.org/jsdom 1574ms (cache revalidated)
55 http fetch GET 200 https://registry.npmjs.org/@tanstack%2freact-db 1597ms (cache revalidated)
56 http fetch GET 200 https://registry.npmjs.org/vitest 1581ms (cache revalidated)
57 http fetch GET 200 https://registry.npmjs.org/zod 1599ms (cache revalidated)
58 http fetch GET 200 https://registry.npmjs.org/vite 1613ms (cache revalidated)
59 http fetch GET 200 https://registry.npmjs.org/drizzle-kit 1635ms (cache revalidated)
60 http fetch GET 200 https://registry.npmjs.org/tailwindcss 1670ms (cache revalidated)
61 http fetch GET 200 https://registry.npmjs.org/typescript 1703ms (cache revalidated)
62 verbose cwd D:\portfolio-web\portfolio-management-system\portfolio-management-system
63 verbose os Windows_NT 10.0.22631
64 verbose node v22.13.1
65 verbose npm  v10.9.2
66 verbose exit 1
67 verbose code 1
