0 verbose cli D:\Node.js\node.exe D:\Node.js\node_modules\npm\bin\npm-cli.js
1 info using npm@10.9.2
2 info using node@v22.13.1
3 silly config load:file:D:\Node.js\node_modules\npm\npmrc
4 silly config load:file:D:\portfolio-web\portfolio-management-system\portfolio-management-system\.npmrc
5 silly config load:file:C:\Users\Rhesa Tsaqif\.npmrc
6 silly config load:file:C:\Users\Rhesa Tsaqif\AppData\Roaming\npm\etc\npmrc
7 verbose title npm outdated
8 verbose argv "outdated" "--json"
9 verbose logfile logs-max:10 dir:D:\portfolio-web\portfolio-management-system\portfolio-management-system\node_cache\_logs\2026-06-09T15_02_44_917Z-
10 verbose logfile D:\portfolio-web\portfolio-management-system\portfolio-management-system\node_cache\_logs\2026-06-09T15_02_44_917Z-debug-0.log
11 silly logfile done cleaning log files
12 silly packumentCache heap:4345298944 maxSize:1086324736 maxEntrySize:543162368
13 verbose shrinkwrap failed to load node_modules/.package-lock.json out of date, updated: node_modules
14 http fetch GET 200 https://registry.npmjs.org/@tailwindcss%2fvite 688ms (cache revalidated)
15 http fetch GET 200 https://registry.npmjs.org/@faker-js%2ffaker 768ms (cache revalidated)
16 http fetch GET 200 https://registry.npmjs.org/@tanstack%2freact-query 843ms (cache revalidated)
17 http fetch GET 200 https://registry.npmjs.org/@tanstack%2freact-start 856ms (cache revalidated)
18 http fetch GET 200 https://registry.npmjs.org/@tanstack%2freact-devtools 872ms (cache revalidated)
19 http fetch GET 200 https://registry.npmjs.org/@tanstack%2freact-form 965ms (cache revalidated)
20 http fetch GET 200 https://registry.npmjs.org/@tanstack%2freact-router-ssr-query 1004ms (cache revalidated)
21 http fetch GET 200 https://registry.npmjs.org/class-variance-authority 1058ms (cache revalidated)
22 http fetch GET 200 https://registry.npmjs.org/@tanstack%2freact-table 1060ms (cache revalidated)
23 http fetch GET 200 https://registry.npmjs.org/@tanstack%2fquery-db-collection 1073ms (cache revalidated)
24 http fetch GET 200 https://registry.npmjs.org/@tanstack%2freact-router 1204ms (cache revalidated)
25 http fetch GET 200 https://registry.npmjs.org/@tanstack%2freact-query-devtools 1249ms (cache revalidated)
26 http fetch GET 200 https://registry.npmjs.org/@tanstack%2freact-router-devtools 1382ms (cache revalidated)
27 http fetch GET 200 https://registry.npmjs.org/lucide-react 1384ms (cache revalidated)
28 http fetch GET 200 https://registry.npmjs.org/clsx 1418ms (cache revalidated)
29 http fetch GET 200 https://registry.npmjs.org/@tanstack%2freact-db 1426ms (cache revalidated)
30 http fetch GET 200 https://registry.npmjs.org/@t3-oss%2fenv-core 1432ms (cache revalidated)
31 http fetch GET 200 https://registry.npmjs.org/pg 1431ms (cache revalidated)
32 http fetch GET 200 https://registry.npmjs.org/radix-ui 1438ms (cache revalidated)
33 http fetch GET 200 https://registry.npmjs.org/@tanstack%2frouter-plugin 1452ms (cache revalidated)
34 http fetch GET 200 https://registry.npmjs.org/@tanstack%2fmatch-sorter-utils 1483ms (cache revalidated)
35 http fetch GET 200 https://registry.npmjs.org/nitro-nightly 1502ms (cache revalidated)
36 http fetch GET 200 https://registry.npmjs.org/drizzle-orm 1589ms (cache revalidated)
37 http fetch GET 200 https://registry.npmjs.org/@testing-library%2freact 1635ms (cache revalidated)
38 http fetch GET 200 https://registry.npmjs.org/@types%2fpg 1645ms (cache revalidated)
39 http fetch GET 200 https://registry.npmjs.org/zod 1654ms (cache revalidated)
40 http fetch GET 200 https://registry.npmjs.org/tailwind-merge 1663ms (cache revalidated)
41 http fetch GET 200 https://registry.npmjs.org/@testing-library%2fdom 1669ms (cache revalidated)
42 http fetch GET 200 https://registry.npmjs.org/react 1678ms (cache revalidated)
43 http fetch GET 200 https://registry.npmjs.org/@tailwindcss%2ftypography 1701ms (cache revalidated)
44 http fetch GET 200 https://registry.npmjs.org/tw-animate-css 1710ms (cache revalidated)
45 http fetch GET 200 https://registry.npmjs.org/dotenv 1781ms (cache revalidated)
46 http fetch GET 200 https://registry.npmjs.org/jsdom 1785ms (cache revalidated)
47 http fetch GET 200 https://registry.npmjs.org/vitest 1789ms (cache revalidated)
48 http fetch GET 200 https://registry.npmjs.org/drizzle-kit 1812ms (cache revalidated)
49 http fetch GET 200 https://registry.npmjs.org/tsx 1826ms (cache revalidated)
50 http fetch GET 200 https://registry.npmjs.org/@types%2freact 1831ms (cache revalidated)
51 http fetch GET 200 https://registry.npmjs.org/@types%2fnode 1837ms (cache revalidated)
52 http fetch GET 200 https://registry.npmjs.org/zustand 1864ms (cache miss)
53 http fetch GET 200 https://registry.npmjs.org/vite 1886ms (cache revalidated)
54 http fetch GET 200 https://registry.npmjs.org/@vitejs%2fplugin-react 1916ms (cache revalidated)
55 http fetch GET 200 https://registry.npmjs.org/@tanstack%2fdevtools-vite 1930ms (cache revalidated)
56 http fetch GET 200 https://registry.npmjs.org/@types%2freact-dom 1929ms (cache revalidated)
57 http fetch GET 200 https://registry.npmjs.org/tailwindcss 2004ms (cache miss)
58 http fetch GET 200 https://registry.npmjs.org/react-dom 2048ms (cache miss)
59 http fetch GET 200 https://registry.npmjs.org/@clerk%2fclerk-react 2104ms (cache miss)
60 http fetch GET 200 https://registry.npmjs.org/@tanstack%2frouter-cli 2199ms (cache revalidated)
61 http fetch GET 200 https://registry.npmjs.org/typescript 2512ms (cache miss)
62 verbose cwd D:\portfolio-web\portfolio-management-system\portfolio-management-system
63 verbose os Windows_NT 10.0.22631
64 verbose node v22.13.1
65 verbose npm  v10.9.2
66 verbose exit 1
67 verbose code 1
